2024-04-04 19:24:19,482 [Worker-6: Loading available Gradle versions] INFO  o.e.b.c.i.u.g.PublishedGradleVersions - Gradle version information cache is up-to-date. Trying to read.
2024-04-04 19:27:09,413 [Worker-23: Launching mavenrun-f7074bf1-f606-4982-a905-6763f271c4df] INFO  o.eclipse.m2e.core.internal.Bundles - getClasspathEntries(Bundle=org.eclipse.m2e.maven.runtime_3.8.701.20230209-1606 [607])
2024-04-04 19:27:09,418 [Worker-23: Launching mavenrun-f7074bf1-f606-4982-a905-6763f271c4df] INFO  o.eclipse.m2e.core.internal.Bundles - 	Entry: C:\Users\kumar\.p2\pool\plugins\org.eclipse.m2e.maven.runtime_3.8.701.20230209-1606
2024-04-04 19:27:09,418 [Worker-23: Launching mavenrun-f7074bf1-f606-4982-a905-6763f271c4df] INFO  o.eclipse.m2e.core.internal.Bundles - 	Entry: C:\Users\kumar\.p2\pool\plugins\org.eclipse.m2e.maven.runtime_3.8.701.20230209-1606\jars\aether-connector-okhttp-0.17.8.jar
2024-04-04 19:27:09,419 [Worker-23: Launching mavenrun-f7074bf1-f606-4982-a905-6763f271c4df] INFO  o.eclipse.m2e.core.internal.Bundles - 	Entry: C:\Users\kumar\.p2\pool\plugins\org.eclipse.m2e.maven.runtime_3.8.701.20230209-1606\jars\commons-lang3-3.8.1.jar
2024-04-04 19:27:09,419 [Worker-23: Launching mavenrun-f7074bf1-f606-4982-a905-6763f271c4df] INFO  o.eclipse.m2e.core.internal.Bundles - 	Entry: C:\Users\kumar\.p2\pool\plugins\org.eclipse.m2e.maven.runtime_3.8.701.20230209-1606\jars\guice-4.2.2-no_aop.jar
2024-04-04 19:27:09,419 [Worker-23: Launching mavenrun-f7074bf1-f606-4982-a905-6763f271c4df] INFO  o.eclipse.m2e.core.internal.Bundles - 	Entry: C:\Users\kumar\.p2\pool\plugins\org.eclipse.m2e.maven.runtime_3.8.701.20230209-1606\jars\jansi-2.4.0.jar
2024-04-04 19:27:09,419 [Worker-23: Launching mavenrun-f7074bf1-f606-4982-a905-6763f271c4df] INFO  o.eclipse.m2e.core.internal.Bundles - 	Entry: C:\Users\kumar\.p2\pool\plugins\org.eclipse.m2e.maven.runtime_3.8.701.20230209-1606\jars\maven-artifact-3.8.7.jar
2024-04-04 19:27:09,420 [Worker-23: Launching mavenrun-f7074bf1-f606-4982-a905-6763f271c4df] INFO  o.eclipse.m2e.core.internal.Bundles - 	Entry: C:\Users\kumar\.p2\pool\plugins\org.eclipse.m2e.maven.runtime_3.8.701.20230209-1606\jars\maven-builder-support-3.8.7.jar
2024-04-04 19:27:09,420 [Worker-23: Launching mavenrun-f7074bf1-f606-4982-a905-6763f271c4df] INFO  o.eclipse.m2e.core.internal.Bundles - 	Entry: C:\Users\kumar\.p2\pool\plugins\org.eclipse.m2e.maven.runtime_3.8.701.20230209-1606\jars\maven-compat-3.8.7.jar
2024-04-04 19:27:09,420 [Worker-23: Launching mavenrun-f7074bf1-f606-4982-a905-6763f271c4df] INFO  o.eclipse.m2e.core.internal.Bundles - 	Entry: C:\Users\kumar\.p2\pool\plugins\org.eclipse.m2e.maven.runtime_3.8.701.20230209-1606\jars\maven-core-3.8.7.jar
2024-04-04 19:27:09,420 [Worker-23: Launching mavenrun-f7074bf1-f606-4982-a905-6763f271c4df] INFO  o.eclipse.m2e.core.internal.Bundles - 	Entry: C:\Users\kumar\.p2\pool\plugins\org.eclipse.m2e.maven.runtime_3.8.701.20230209-1606\jars\maven-embedder-3.8.7.jar
2024-04-04 19:27:09,420 [Worker-23: Launching mavenrun-f7074bf1-f606-4982-a905-6763f271c4df] INFO  o.eclipse.m2e.core.internal.Bundles - 	Entry: C:\Users\kumar\.p2\pool\plugins\org.eclipse.m2e.maven.runtime_3.8.701.20230209-1606\jars\maven-model-3.8.7.jar
2024-04-04 19:27:09,420 [Worker-23: Launching mavenrun-f7074bf1-f606-4982-a905-6763f271c4df] INFO  o.eclipse.m2e.core.internal.Bundles - 	Entry: C:\Users\kumar\.p2\pool\plugins\org.eclipse.m2e.maven.runtime_3.8.701.20230209-1606\jars\maven-model-builder-3.8.7.jar
2024-04-04 19:27:09,420 [Worker-23: Launching mavenrun-f7074bf1-f606-4982-a905-6763f271c4df] INFO  o.eclipse.m2e.core.internal.Bundles - 	Entry: C:\Users\kumar\.p2\pool\plugins\org.eclipse.m2e.maven.runtime_3.8.701.20230209-1606\jars\maven-plugin-api-3.8.7.jar
2024-04-04 19:27:09,421 [Worker-23: Launching mavenrun-f7074bf1-f606-4982-a905-6763f271c4df] INFO  o.eclipse.m2e.core.internal.Bundles - 	Entry: C:\Users\kumar\.p2\pool\plugins\org.eclipse.m2e.maven.runtime_3.8.701.20230209-1606\jars\maven-repository-metadata-3.8.7.jar
2024-04-04 19:27:09,421 [Worker-23: Launching mavenrun-f7074bf1-f606-4982-a905-6763f271c4df] INFO  o.eclipse.m2e.core.internal.Bundles - 	Entry: C:\Users\kumar\.p2\pool\plugins\org.eclipse.m2e.maven.runtime_3.8.701.20230209-1606\jars\maven-resolver-api-1.6.3.jar
2024-04-04 19:27:09,421 [Worker-23: Launching mavenrun-f7074bf1-f606-4982-a905-6763f271c4df] INFO  o.eclipse.m2e.core.internal.Bundles - 	Entry: C:\Users\kumar\.p2\pool\plugins\org.eclipse.m2e.maven.runtime_3.8.701.20230209-1606\jars\maven-resolver-connector-basic-1.6.3.jar
2024-04-04 19:27:09,422 [Worker-23: Launching mavenrun-f7074bf1-f606-4982-a905-6763f271c4df] INFO  o.eclipse.m2e.core.internal.Bundles - 	Entry: C:\Users\kumar\.p2\pool\plugins\org.eclipse.m2e.maven.runtime_3.8.701.20230209-1606\jars\maven-resolver-impl-1.6.3.jar
2024-04-04 19:27:09,422 [Worker-23: Launching mavenrun-f7074bf1-f606-4982-a905-6763f271c4df] INFO  o.eclipse.m2e.core.internal.Bundles - 	Entry: C:\Users\kumar\.p2\pool\plugins\org.eclipse.m2e.maven.runtime_3.8.701.20230209-1606\jars\maven-resolver-provider-3.8.7.jar
2024-04-04 19:27:09,422 [Worker-23: Launching mavenrun-f7074bf1-f606-4982-a905-6763f271c4df] INFO  o.eclipse.m2e.core.internal.Bundles - 	Entry: C:\Users\kumar\.p2\pool\plugins\org.eclipse.m2e.maven.runtime_3.8.701.20230209-1606\jars\maven-resolver-spi-1.6.3.jar
2024-04-04 19:27:09,422 [Worker-23: Launching mavenrun-f7074bf1-f606-4982-a905-6763f271c4df] INFO  o.eclipse.m2e.core.internal.Bundles - 	Entry: C:\Users\kumar\.p2\pool\plugins\org.eclipse.m2e.maven.runtime_3.8.701.20230209-1606\jars\maven-resolver-transport-wagon-1.6.3.jar
2024-04-04 19:27:09,422 [Worker-23: Launching mavenrun-f7074bf1-f606-4982-a905-6763f271c4df] INFO  o.eclipse.m2e.core.internal.Bundles - 	Entry: C:\Users\kumar\.p2\pool\plugins\org.eclipse.m2e.maven.runtime_3.8.701.20230209-1606\jars\maven-resolver-util-1.6.3.jar
2024-04-04 19:27:09,422 [Worker-23: Launching mavenrun-f7074bf1-f606-4982-a905-6763f271c4df] INFO  o.eclipse.m2e.core.internal.Bundles - 	Entry: C:\Users\kumar\.p2\pool\plugins\org.eclipse.m2e.maven.runtime_3.8.701.20230209-1606\jars\maven-settings-3.8.7.jar
2024-04-04 19:27:09,422 [Worker-23: Launching mavenrun-f7074bf1-f606-4982-a905-6763f271c4df] INFO  o.eclipse.m2e.core.internal.Bundles - 	Entry: C:\Users\kumar\.p2\pool\plugins\org.eclipse.m2e.maven.runtime_3.8.701.20230209-1606\jars\maven-settings-builder-3.8.7.jar
2024-04-04 19:27:09,423 [Worker-23: Launching mavenrun-f7074bf1-f606-4982-a905-6763f271c4df] INFO  o.eclipse.m2e.core.internal.Bundles - 	Entry: C:\Users\kumar\.p2\pool\plugins\org.eclipse.m2e.maven.runtime_3.8.701.20230209-1606\jars\maven-shared-utils-3.3.4.jar
2024-04-04 19:27:09,423 [Worker-23: Launching mavenrun-f7074bf1-f606-4982-a905-6763f271c4df] INFO  o.eclipse.m2e.core.internal.Bundles - 	Entry: C:\Users\kumar\.p2\pool\plugins\org.eclipse.m2e.maven.runtime_3.8.701.20230209-1606\jars\okhttp-3.14.1.jar
2024-04-04 19:27:09,423 [Worker-23: Launching mavenrun-f7074bf1-f606-4982-a905-6763f271c4df] INFO  o.eclipse.m2e.core.internal.Bundles - 	Entry: C:\Users\kumar\.p2\pool\plugins\org.eclipse.m2e.maven.runtime_3.8.701.20230209-1606\jars\okio-1.17.3.jar
2024-04-04 19:27:09,423 [Worker-23: Launching mavenrun-f7074bf1-f606-4982-a905-6763f271c4df] INFO  o.eclipse.m2e.core.internal.Bundles - 	Entry: C:\Users\kumar\.p2\pool\plugins\org.eclipse.m2e.maven.runtime_3.8.701.20230209-1606\jars\org.eclipse.sisu.inject-0.3.5.jar
2024-04-04 19:27:09,423 [Worker-23: Launching mavenrun-f7074bf1-f606-4982-a905-6763f271c4df] INFO  o.eclipse.m2e.core.internal.Bundles - 	Entry: C:\Users\kumar\.p2\pool\plugins\org.eclipse.m2e.maven.runtime_3.8.701.20230209-1606\jars\org.eclipse.sisu.plexus-0.3.5.jar
2024-04-04 19:27:09,423 [Worker-23: Launching mavenrun-f7074bf1-f606-4982-a905-6763f271c4df] INFO  o.eclipse.m2e.core.internal.Bundles - 	Entry: C:\Users\kumar\.p2\pool\plugins\org.eclipse.m2e.maven.runtime_3.8.701.20230209-1606\jars\plexus-build-api-0.0.7.jar
2024-04-04 19:27:09,424 [Worker-23: Launching mavenrun-f7074bf1-f606-4982-a905-6763f271c4df] INFO  o.eclipse.m2e.core.internal.Bundles - 	Entry: C:\Users\kumar\.p2\pool\plugins\org.eclipse.m2e.maven.runtime_3.8.701.20230209-1606\jars\plexus-cipher-2.0.jar
2024-04-04 19:27:09,424 [Worker-23: Launching mavenrun-f7074bf1-f606-4982-a905-6763f271c4df] INFO  o.eclipse.m2e.core.internal.Bundles - 	Entry: C:\Users\kumar\.p2\pool\plugins\org.eclipse.m2e.maven.runtime_3.8.701.20230209-1606\jars\plexus-classworlds-2.6.0.jar
2024-04-04 19:27:09,424 [Worker-23: Launching mavenrun-f7074bf1-f606-4982-a905-6763f271c4df] INFO  o.eclipse.m2e.core.internal.Bundles - 	Entry: C:\Users\kumar\.p2\pool\plugins\org.eclipse.m2e.maven.runtime_3.8.701.20230209-1606\jars\plexus-component-annotations-2.1.0.jar
2024-04-04 19:27:09,424 [Worker-23: Launching mavenrun-f7074bf1-f606-4982-a905-6763f271c4df] INFO  o.eclipse.m2e.core.internal.Bundles - 	Entry: C:\Users\kumar\.p2\pool\plugins\org.eclipse.m2e.maven.runtime_3.8.701.20230209-1606\jars\plexus-interpolation-1.26.jar
2024-04-04 19:27:09,424 [Worker-23: Launching mavenrun-f7074bf1-f606-4982-a905-6763f271c4df] INFO  o.eclipse.m2e.core.internal.Bundles - 	Entry: C:\Users\kumar\.p2\pool\plugins\org.eclipse.m2e.maven.runtime_3.8.701.20230209-1606\jars\plexus-sec-dispatcher-2.0.jar
2024-04-04 19:27:09,424 [Worker-23: Launching mavenrun-f7074bf1-f606-4982-a905-6763f271c4df] INFO  o.eclipse.m2e.core.internal.Bundles - 	Entry: C:\Users\kumar\.p2\pool\plugins\org.eclipse.m2e.maven.runtime_3.8.701.20230209-1606\jars\plexus-utils-3.3.1.jar
2024-04-04 19:27:09,424 [Worker-23: Launching mavenrun-f7074bf1-f606-4982-a905-6763f271c4df] INFO  o.eclipse.m2e.core.internal.Bundles - 	Entry: C:\Users\kumar\.p2\pool\plugins\org.eclipse.m2e.maven.runtime_3.8.701.20230209-1606\jars\wagon-file-3.5.3.jar
2024-04-04 19:27:09,424 [Worker-23: Launching mavenrun-f7074bf1-f606-4982-a905-6763f271c4df] INFO  o.eclipse.m2e.core.internal.Bundles - 	Entry: C:\Users\kumar\.p2\pool\plugins\org.eclipse.m2e.maven.runtime_3.8.701.20230209-1606\jars\wagon-provider-api-3.5.3.jar
2024-04-04 19:27:09,427 [Worker-23: Launching mavenrun-f7074bf1-f606-4982-a905-6763f271c4df] INFO  o.eclipse.m2e.core.internal.Bundles - getClasspathEntries(Bundle=com.google.guava_31.1.0.jre [11])
2024-04-04 19:27:09,428 [Worker-23: Launching mavenrun-f7074bf1-f606-4982-a905-6763f271c4df] INFO  o.eclipse.m2e.core.internal.Bundles - 	Entry: C:\Users\kumar\.p2\pool\plugins\com.google.guava_31.1.0.jre.jar
2024-04-04 19:27:09,428 [Worker-23: Launching mavenrun-f7074bf1-f606-4982-a905-6763f271c4df] INFO  o.eclipse.m2e.core.internal.Bundles - getClasspathEntries(Bundle=slf4j.api_1.7.36 [921])
2024-04-04 19:27:09,429 [Worker-23: Launching mavenrun-f7074bf1-f606-4982-a905-6763f271c4df] INFO  o.eclipse.m2e.core.internal.Bundles - 	Entry: C:\Users\kumar\.p2\pool\plugins\slf4j.api_1.7.36.jar
2024-04-04 19:27:09,429 [Worker-23: Launching mavenrun-f7074bf1-f606-4982-a905-6763f271c4df] INFO  o.eclipse.m2e.core.internal.Bundles - getClasspathEntries(Bundle=javax.inject_1.0.0.v20220405-0441 [35])
2024-04-04 19:27:09,430 [Worker-23: Launching mavenrun-f7074bf1-f606-4982-a905-6763f271c4df] INFO  o.eclipse.m2e.core.internal.Bundles - 	Entry: C:\Users\kumar\.p2\pool\plugins\javax.inject_1.0.0.v20220405-0441.jar
2024-04-04 19:27:09,430 [Worker-23: Launching mavenrun-f7074bf1-f606-4982-a905-6763f271c4df] INFO  o.eclipse.m2e.core.internal.Bundles - getClasspathEntries(Bundle=javax.annotation_1.3.5.v20221203-1659 [33])
2024-04-04 19:27:09,431 [Worker-23: Launching mavenrun-f7074bf1-f606-4982-a905-6763f271c4df] INFO  o.eclipse.m2e.core.internal.Bundles - 	Entry: C:\Users\kumar\.p2\pool\plugins\javax.annotation_1.3.5.v20221203-1659.jar
2024-04-04 19:27:09,431 [Worker-23: Launching mavenrun-f7074bf1-f606-4982-a905-6763f271c4df] INFO  o.eclipse.m2e.core.internal.Bundles - getClasspathEntries(Bundle=org.apache.commons.cli_1.4.0.v20221112-0806 [67])
2024-04-04 19:27:09,431 [Worker-23: Launching mavenrun-f7074bf1-f606-4982-a905-6763f271c4df] INFO  o.eclipse.m2e.core.internal.Bundles - 	Entry: C:\Users\kumar\.p2\pool\plugins\org.apache.commons.cli_1.4.0.v20221112-0806.jar
2024-04-04 19:27:09,431 [Worker-23: Launching mavenrun-f7074bf1-f606-4982-a905-6763f271c4df] INFO  o.eclipse.m2e.core.internal.Bundles - getClasspathEntries(Bundle=com.google.guava.failureaccess_1.0.1 [13])
2024-04-04 19:27:09,433 [Worker-23: Launching mavenrun-f7074bf1-f606-4982-a905-6763f271c4df] INFO  o.eclipse.m2e.core.internal.Bundles - 	Entry: C:\Users\kumar\.p2\pool\plugins\com.google.guava.failureaccess_1.0.1.jar
2024-04-04 19:27:09,436 [Worker-23: Launching mavenrun-f7074bf1-f606-4982-a905-6763f271c4df] INFO  o.e.m.i.launch.MavenLaunchDelegate - Run build in "C:\Users\kumar\AppData\Local\Temp\m2e-archetypeGenerator4954317526174094791":
2024-04-04 19:27:09,440 [Worker-23: Launching mavenrun-f7074bf1-f606-4982-a905-6763f271c4df] INFO  o.e.m.i.launch.MavenLaunchDelegate -  mvn  -DarchetypeGroupId=org.apache.maven.archetypes -DarchetypeArtifactId=maven-archetype-quickstart -DarchetypeVersion=1.1 -DgroupId=AppiumLearning -DartifactId=AppiumLearning -Dversion=0.0.1-SNAPSHOT -Dpackage=AppiumLearning.AppiumLearning -DoutputDirectory=C:\Users\kumar\AppiumLearning -Dstyle.color=always -U archetype:generate
2024-04-04 19:27:17,157 [Worker-16: Creating maven-archetype-quickstart] INFO  o.e.m.c.i.p.ProjectConfigurationManager - Collecting project info '/pom.xml' C:\Users\kumar\AppiumLearning\AppiumLearning\pom.xml
2024-04-04 19:27:17,660 [Worker-16: Creating maven-archetype-quickstart] INFO  o.e.m.c.i.l.LifecycleMappingFactory - Using org.eclipse.m2e.jdt.JarLifecycleMapping lifecycle mapping for MavenProject: AppiumLearning:AppiumLearning:0.0.1-SNAPSHOT @ C:\Users\kumar\AppiumLearning\AppiumLearning\pom.xml.
2024-04-04 19:27:17,939 [Worker-16: Creating maven-archetype-quickstart] INFO  o.e.m.j.i.AbstractJavaProjectConfigurator - Adding source folder /AppiumLearning/src/main/java
2024-04-04 19:27:17,942 [Worker-16: Creating maven-archetype-quickstart] INFO  o.e.m.j.i.AbstractJavaProjectConfigurator - Adding source folder /AppiumLearning/src/test/java
2024-04-04 19:27:17,943 [Worker-16: Creating maven-archetype-quickstart] ERROR o.e.m.j.i.AbstractJavaProjectConfigurator - Failed to find a compatible VM for environment id 'J2SE-1.5', falling back to workspace default
2024-04-04 19:27:17,996 [Worker-16: Creating maven-archetype-quickstart] INFO  o.e.m.c.i.p.ProjectConfigurationManager - Imported and configured 1 project(s) in 0 sec
2024-04-04 19:27:18,701 [Worker-23: Building] INFO  o.e.m.c.i.embedder.EclipseLogger - Using 'UTF-8' encoding to copy filtered resources.
2024-04-04 19:27:18,701 [Worker-23: Building] INFO  o.e.m.c.i.embedder.EclipseLogger - skip non existing resourceDirectory C:\Users\kumar\AppiumLearning\AppiumLearning\src\main\resources
2024-04-04 19:27:18,704 [Worker-23: Building] INFO  o.e.m.c.i.embedder.EclipseLogger - Using 'UTF-8' encoding to copy filtered resources.
2024-04-04 19:27:18,704 [Worker-23: Building] INFO  o.e.m.c.i.embedder.EclipseLogger - skip non existing resourceDirectory C:\Users\kumar\AppiumLearning\AppiumLearning\src\test\resources
2024-04-04 19:28:32,471 [Worker-23: Building] INFO  o.e.m.c.i.embedder.EclipseLogger - Using 'UTF-8' encoding to copy filtered resources.
2024-04-04 19:28:32,472 [Worker-23: Building] INFO  o.e.m.c.i.embedder.EclipseLogger - skip non existing resourceDirectory C:\Users\kumar\AppiumLearning\AppiumLearning\src\main\resources
2024-04-04 19:28:32,475 [Worker-23: Building] INFO  o.e.m.c.i.embedder.EclipseLogger - Using 'UTF-8' encoding to copy filtered resources.
2024-04-04 19:28:32,475 [Worker-23: Building] INFO  o.e.m.c.i.embedder.EclipseLogger - skip non existing resourceDirectory C:\Users\kumar\AppiumLearning\AppiumLearning\src\test\resources
2024-04-04 19:31:21,753 [Worker-27: Building] INFO  o.e.m.c.i.l.LifecycleMappingFactory - Using org.eclipse.m2e.jdt.JarLifecycleMapping lifecycle mapping for MavenProject: AppiumLearning:AppiumLearning:0.0.1-SNAPSHOT @ C:\Users\kumar\AppiumLearning\AppiumLearning\pom.xml.
2024-04-04 19:31:22,209 [Worker-27: Building] INFO  o.e.m.c.i.embedder.EclipseLogger - Using 'UTF-8' encoding to copy filtered resources.
2024-04-04 19:31:22,210 [Worker-27: Building] INFO  o.e.m.c.i.embedder.EclipseLogger - skip non existing resourceDirectory C:\Users\kumar\AppiumLearning\AppiumLearning\src\main\resources
2024-04-04 19:31:22,214 [Worker-27: Building] INFO  o.e.m.c.i.embedder.EclipseLogger - Using 'UTF-8' encoding to copy filtered resources.
2024-04-04 19:31:22,214 [Worker-27: Building] INFO  o.e.m.c.i.embedder.EclipseLogger - skip non existing resourceDirectory C:\Users\kumar\AppiumLearning\AppiumLearning\src\test\resources
2024-04-04 19:31:23,287 [Worker-27: Download sources and javadoc] INFO  o.e.m.c.i.e.AbstractTransferListenerAdapter - Downloading https://repo.maven.apache.org/maven2/io/appium/java-client/9.0.0/java-client-9.0.0-sources.jar
2024-04-04 19:31:23,452 [Worker-27: Download sources and javadoc] INFO  o.e.m.c.i.e.AbstractTransferListenerAdapter - Downloaded https://repo.maven.apache.org/maven2/io/appium/java-client/9.0.0/java-client-9.0.0-sources.jar
2024-04-04 19:31:23,455 [Worker-27: Download sources and javadoc] INFO  o.e.m.j.internal.DownloadSourcesJob - Downloaded sources for io.appium:java-client:9.0.0
2024-04-04 19:40:47,207 [Worker-16: Launching Login] INFO  o.e.m.c.i.embedder.EclipseLogger - Using 'UTF-8' encoding to copy filtered resources.
2024-04-04 19:40:47,208 [Worker-16: Launching Login] INFO  o.e.m.c.i.embedder.EclipseLogger - skip non existing resourceDirectory C:\Users\kumar\AppiumLearning\AppiumLearning\src\main\resources
2024-04-04 19:40:47,210 [Worker-16: Launching Login] INFO  o.e.m.c.i.embedder.EclipseLogger - Using 'UTF-8' encoding to copy filtered resources.
2024-04-04 19:40:47,210 [Worker-16: Launching Login] INFO  o.e.m.c.i.embedder.EclipseLogger - skip non existing resourceDirectory C:\Users\kumar\AppiumLearning\AppiumLearning\src\test\resources
2024-04-04 19:41:30,095 [Worker-27: Building] INFO  o.e.m.c.i.embedder.EclipseLogger - Using 'UTF-8' encoding to copy filtered resources.
2024-04-04 19:41:30,095 [Worker-27: Building] INFO  o.e.m.c.i.embedder.EclipseLogger - skip non existing resourceDirectory C:\Users\kumar\AppiumLearning\AppiumLearning\src\main\resources
2024-04-04 19:41:30,097 [Worker-27: Building] INFO  o.e.m.c.i.embedder.EclipseLogger - Using 'UTF-8' encoding to copy filtered resources.
2024-04-04 19:41:30,097 [Worker-27: Building] INFO  o.e.m.c.i.embedder.EclipseLogger - skip non existing resourceDirectory C:\Users\kumar\AppiumLearning\AppiumLearning\src\test\resources
2024-04-04 19:46:16,470 [Worker-28: Launching Login] INFO  o.e.m.c.i.embedder.EclipseLogger - Using 'UTF-8' encoding to copy filtered resources.
2024-04-04 19:46:16,471 [Worker-28: Launching Login] INFO  o.e.m.c.i.embedder.EclipseLogger - skip non existing resourceDirectory C:\Users\kumar\AppiumLearning\AppiumLearning\src\main\resources
2024-04-04 19:46:16,472 [Worker-28: Launching Login] INFO  o.e.m.c.i.embedder.EclipseLogger - Using 'UTF-8' encoding to copy filtered resources.
2024-04-04 19:46:16,472 [Worker-28: Launching Login] INFO  o.e.m.c.i.embedder.EclipseLogger - skip non existing resourceDirectory C:\Users\kumar\AppiumLearning\AppiumLearning\src\test\resources
2024-04-04 19:53:32,602 [Worker-34: Building] INFO  o.e.m.c.i.embedder.EclipseLogger - Using 'UTF-8' encoding to copy filtered resources.
2024-04-04 19:53:32,603 [Worker-34: Building] INFO  o.e.m.c.i.embedder.EclipseLogger - skip non existing resourceDirectory C:\Users\kumar\AppiumLearning\AppiumLearning\src\main\resources
2024-04-04 19:53:32,604 [Worker-34: Building] INFO  o.e.m.c.i.embedder.EclipseLogger - Using 'UTF-8' encoding to copy filtered resources.
2024-04-04 19:53:32,604 [Worker-34: Building] INFO  o.e.m.c.i.embedder.EclipseLogger - skip non existing resourceDirectory C:\Users\kumar\AppiumLearning\AppiumLearning\src\test\resources
2024-04-04 19:53:49,209 [Worker-0: Loading available Gradle versions] INFO  o.e.b.c.i.u.g.PublishedGradleVersions - Gradle version information cache is up-to-date. Trying to read.
2024-04-04 19:55:05,578 [Worker-7: Launching Login] INFO  o.e.m.c.i.embedder.EclipseLogger - Using 'UTF-8' encoding to copy filtered resources.
2024-04-04 19:55:05,581 [Worker-7: Launching Login] INFO  o.e.m.c.i.embedder.EclipseLogger - skip non existing resourceDirectory C:\Users\kumar\AppiumLearning\AppiumLearning\src\main\resources
2024-04-04 19:55:05,584 [Worker-7: Launching Login] INFO  o.e.m.c.i.embedder.EclipseLogger - Using 'UTF-8' encoding to copy filtered resources.
2024-04-04 19:55:05,584 [Worker-7: Launching Login] INFO  o.e.m.c.i.embedder.EclipseLogger - skip non existing resourceDirectory C:\Users\kumar\AppiumLearning\AppiumLearning\src\test\resources
2024-04-04 19:57:41,386 [Worker-18: Launching ApkFile] INFO  o.e.m.c.i.embedder.EclipseLogger - Using 'UTF-8' encoding to copy filtered resources.
2024-04-04 19:57:41,387 [Worker-18: Launching ApkFile] INFO  o.e.m.c.i.embedder.EclipseLogger - skip non existing resourceDirectory C:\Users\kumar\AppiumLearning\AppiumLearning\src\main\resources
2024-04-04 19:57:41,390 [Worker-18: Launching ApkFile] INFO  o.e.m.c.i.embedder.EclipseLogger - Using 'UTF-8' encoding to copy filtered resources.
2024-04-04 19:57:41,390 [Worker-18: Launching ApkFile] INFO  o.e.m.c.i.embedder.EclipseLogger - skip non existing resourceDirectory C:\Users\kumar\AppiumLearning\AppiumLearning\src\test\resources
2024-04-04 19:59:42,396 [Worker-2: Launching ApkFile] INFO  o.e.m.c.i.embedder.EclipseLogger - Using 'UTF-8' encoding to copy filtered resources.
2024-04-04 19:59:42,396 [Worker-2: Launching ApkFile] INFO  o.e.m.c.i.embedder.EclipseLogger - skip non existing resourceDirectory C:\Users\kumar\AppiumLearning\AppiumLearning\src\main\resources
2024-04-04 19:59:42,401 [Worker-2: Launching ApkFile] INFO  o.e.m.c.i.embedder.EclipseLogger - Using 'UTF-8' encoding to copy filtered resources.
2024-04-04 19:59:42,401 [Worker-2: Launching ApkFile] INFO  o.e.m.c.i.embedder.EclipseLogger - skip non existing resourceDirectory C:\Users\kumar\AppiumLearning\AppiumLearning\src\test\resources
2024-04-04 20:07:02,122 [Worker-3: Loading available Gradle versions] INFO  o.e.b.c.i.u.g.PublishedGradleVersions - Gradle version information cache is up-to-date. Trying to read.
2024-04-04 20:07:51,432 [Worker-17: Building] INFO  o.e.m.c.i.embedder.EclipseLogger - Using 'UTF-8' encoding to copy filtered resources.
2024-04-04 20:07:51,433 [Worker-17: Building] INFO  o.e.m.c.i.embedder.EclipseLogger - skip non existing resourceDirectory C:\Users\kumar\AppiumLearning\AppiumLearning\src\main\resources
2024-04-04 20:07:51,436 [Worker-17: Building] INFO  o.e.m.c.i.embedder.EclipseLogger - Using 'UTF-8' encoding to copy filtered resources.
2024-04-04 20:07:51,436 [Worker-17: Building] INFO  o.e.m.c.i.embedder.EclipseLogger - skip non existing resourceDirectory C:\Users\kumar\AppiumLearning\AppiumLearning\src\test\resources
2024-04-04 20:08:35,608 [Worker-13: Building] INFO  o.e.m.c.i.embedder.EclipseLogger - Using 'UTF-8' encoding to copy filtered resources.
2024-04-04 20:08:35,609 [Worker-13: Building] INFO  o.e.m.c.i.embedder.EclipseLogger - skip non existing resourceDirectory C:\Users\kumar\AppiumLearning\AppiumLearning\src\main\resources
2024-04-04 20:08:35,611 [Worker-13: Building] INFO  o.e.m.c.i.embedder.EclipseLogger - Using 'UTF-8' encoding to copy filtered resources.
2024-04-04 20:08:35,611 [Worker-13: Building] INFO  o.e.m.c.i.embedder.EclipseLogger - skip non existing resourceDirectory C:\Users\kumar\AppiumLearning\AppiumLearning\src\test\resources
2024-04-04 20:10:47,593 [Worker-1: Launching ApkFile] INFO  o.e.m.c.i.embedder.EclipseLogger - Using 'UTF-8' encoding to copy filtered resources.
2024-04-04 20:10:47,597 [Worker-1: Launching ApkFile] INFO  o.e.m.c.i.embedder.EclipseLogger - skip non existing resourceDirectory C:\Users\kumar\AppiumLearning\AppiumLearning\src\main\resources
2024-04-04 20:10:47,598 [Worker-1: Launching ApkFile] INFO  o.e.m.c.i.embedder.EclipseLogger - Using 'UTF-8' encoding to copy filtered resources.
2024-04-04 20:10:47,598 [Worker-1: Launching ApkFile] INFO  o.e.m.c.i.embedder.EclipseLogger - skip non existing resourceDirectory C:\Users\kumar\AppiumLearning\AppiumLearning\src\test\resources
2024-04-04 20:12:30,775 [Worker-21: Building] INFO  o.e.m.c.i.embedder.EclipseLogger - Using 'UTF-8' encoding to copy filtered resources.
2024-04-04 20:12:30,777 [Worker-21: Building] INFO  o.e.m.c.i.embedder.EclipseLogger - skip non existing resourceDirectory C:\Users\kumar\AppiumLearning\AppiumLearning\src\main\resources
2024-04-04 20:12:30,778 [Worker-21: Building] INFO  o.e.m.c.i.embedder.EclipseLogger - Using 'UTF-8' encoding to copy filtered resources.
2024-04-04 20:12:30,778 [Worker-21: Building] INFO  o.e.m.c.i.embedder.EclipseLogger - skip non existing resourceDirectory C:\Users\kumar\AppiumLearning\AppiumLearning\src\test\resources
2024-04-04 20:13:29,095 [Worker-8: Building] INFO  o.e.m.c.i.embedder.EclipseLogger - Using 'UTF-8' encoding to copy filtered resources.
2024-04-04 20:13:29,095 [Worker-8: Building] INFO  o.e.m.c.i.embedder.EclipseLogger - skip non existing resourceDirectory C:\Users\kumar\AppiumLearning\AppiumLearning\src\main\resources
2024-04-04 20:13:29,098 [Worker-8: Building] INFO  o.e.m.c.i.embedder.EclipseLogger - Using 'UTF-8' encoding to copy filtered resources.
2024-04-04 20:13:29,098 [Worker-8: Building] INFO  o.e.m.c.i.embedder.EclipseLogger - skip non existing resourceDirectory C:\Users\kumar\AppiumLearning\AppiumLearning\src\test\resources
2024-04-04 20:20:12,450 [Worker-22: Launching AutomateCalculator] INFO  o.e.m.c.i.embedder.EclipseLogger - Using 'UTF-8' encoding to copy filtered resources.
2024-04-04 20:20:12,450 [Worker-22: Launching AutomateCalculator] INFO  o.e.m.c.i.embedder.EclipseLogger - skip non existing resourceDirectory C:\Users\kumar\AppiumLearning\AppiumLearning\src\main\resources
2024-04-04 20:20:12,454 [Worker-22: Launching AutomateCalculator] INFO  o.e.m.c.i.embedder.EclipseLogger - Using 'UTF-8' encoding to copy filtered resources.
2024-04-04 20:20:12,454 [Worker-22: Launching AutomateCalculator] INFO  o.e.m.c.i.embedder.EclipseLogger - skip non existing resourceDirectory C:\Users\kumar\AppiumLearning\AppiumLearning\src\test\resources
2024-04-04 20:26:47,741 [Worker-27: Launching AutomateCalculator] INFO  o.e.m.c.i.embedder.EclipseLogger - Using 'UTF-8' encoding to copy filtered resources.
2024-04-04 20:26:47,741 [Worker-27: Launching AutomateCalculator] INFO  o.e.m.c.i.embedder.EclipseLogger - skip non existing resourceDirectory C:\Users\kumar\AppiumLearning\AppiumLearning\src\main\resources
2024-04-04 20:26:47,743 [Worker-27: Launching AutomateCalculator] INFO  o.e.m.c.i.embedder.EclipseLogger - Using 'UTF-8' encoding to copy filtered resources.
2024-04-04 20:26:47,744 [Worker-27: Launching AutomateCalculator] INFO  o.e.m.c.i.embedder.EclipseLogger - skip non existing resourceDirectory C:\Users\kumar\AppiumLearning\AppiumLearning\src\test\resources
2024-04-04 20:30:04,860 [Worker-26: Launching AutomateCalculator] INFO  o.e.m.c.i.embedder.EclipseLogger - Using 'UTF-8' encoding to copy filtered resources.
2024-04-04 20:30:04,861 [Worker-26: Launching AutomateCalculator] INFO  o.e.m.c.i.embedder.EclipseLogger - skip non existing resourceDirectory C:\Users\kumar\AppiumLearning\AppiumLearning\src\main\resources
2024-04-04 20:30:04,864 [Worker-26: Launching AutomateCalculator] INFO  o.e.m.c.i.embedder.EclipseLogger - Using 'UTF-8' encoding to copy filtered resources.
2024-04-04 20:30:04,864 [Worker-26: Launching AutomateCalculator] INFO  o.e.m.c.i.embedder.EclipseLogger - skip non existing resourceDirectory C:\Users\kumar\AppiumLearning\AppiumLearning\src\test\resources
2024-04-04 20:30:48,641 [Worker-29: Launching AutomateCalculator] INFO  o.e.m.c.i.embedder.EclipseLogger - Using 'UTF-8' encoding to copy filtered resources.
2024-04-04 20:30:48,641 [Worker-29: Launching AutomateCalculator] INFO  o.e.m.c.i.embedder.EclipseLogger - skip non existing resourceDirectory C:\Users\kumar\AppiumLearning\AppiumLearning\src\main\resources
2024-04-04 20:30:48,644 [Worker-29: Launching AutomateCalculator] INFO  o.e.m.c.i.embedder.EclipseLogger - Using 'UTF-8' encoding to copy filtered resources.
2024-04-04 20:30:48,645 [Worker-29: Launching AutomateCalculator] INFO  o.e.m.c.i.embedder.EclipseLogger - skip non existing resourceDirectory C:\Users\kumar\AppiumLearning\AppiumLearning\src\test\resources
2024-04-04 20:32:42,203 [Worker-22: Launching AutomateCalculator] INFO  o.e.m.c.i.embedder.EclipseLogger - Using 'UTF-8' encoding to copy filtered resources.
2024-04-04 20:32:42,204 [Worker-22: Launching AutomateCalculator] INFO  o.e.m.c.i.embedder.EclipseLogger - skip non existing resourceDirectory C:\Users\kumar\AppiumLearning\AppiumLearning\src\main\resources
2024-04-04 20:32:42,205 [Worker-22: Launching AutomateCalculator] INFO  o.e.m.c.i.embedder.EclipseLogger - Using 'UTF-8' encoding to copy filtered resources.
2024-04-04 20:32:42,206 [Worker-22: Launching AutomateCalculator] INFO  o.e.m.c.i.embedder.EclipseLogger - skip non existing resourceDirectory C:\Users\kumar\AppiumLearning\AppiumLearning\src\test\resources
2024-04-04 20:33:10,404 [Worker-29: Launching AutomateCalculator] INFO  o.e.m.c.i.embedder.EclipseLogger - Using 'UTF-8' encoding to copy filtered resources.
2024-04-04 20:33:10,405 [Worker-29: Launching AutomateCalculator] INFO  o.e.m.c.i.embedder.EclipseLogger - skip non existing resourceDirectory C:\Users\kumar\AppiumLearning\AppiumLearning\src\main\resources
2024-04-04 20:33:10,407 [Worker-29: Launching AutomateCalculator] INFO  o.e.m.c.i.embedder.EclipseLogger - Using 'UTF-8' encoding to copy filtered resources.
2024-04-04 20:33:10,407 [Worker-29: Launching AutomateCalculator] INFO  o.e.m.c.i.embedder.EclipseLogger - skip non existing resourceDirectory C:\Users\kumar\AppiumLearning\AppiumLearning\src\test\resources
2024-04-04 20:37:44,340 [Worker-29: Launching AutomateCalculator] INFO  o.e.m.c.i.embedder.EclipseLogger - Using 'UTF-8' encoding to copy filtered resources.
2024-04-04 20:37:44,340 [Worker-29: Launching AutomateCalculator] INFO  o.e.m.c.i.embedder.EclipseLogger - skip non existing resourceDirectory C:\Users\kumar\AppiumLearning\AppiumLearning\src\main\resources
2024-04-04 20:37:44,342 [Worker-29: Launching AutomateCalculator] INFO  o.e.m.c.i.embedder.EclipseLogger - Using 'UTF-8' encoding to copy filtered resources.
2024-04-04 20:37:44,342 [Worker-29: Launching AutomateCalculator] INFO  o.e.m.c.i.embedder.EclipseLogger - skip non existing resourceDirectory C:\Users\kumar\AppiumLearning\AppiumLearning\src\test\resources
2024-04-04 20:41:51,285 [Worker-35: Building] INFO  o.e.m.c.i.embedder.EclipseLogger - Using 'UTF-8' encoding to copy filtered resources.
2024-04-04 20:41:51,285 [Worker-35: Building] INFO  o.e.m.c.i.embedder.EclipseLogger - skip non existing resourceDirectory C:\Users\kumar\AppiumLearning\AppiumLearning\src\main\resources
2024-04-04 20:41:51,288 [Worker-35: Building] INFO  o.e.m.c.i.embedder.EclipseLogger - Using 'UTF-8' encoding to copy filtered resources.
2024-04-04 20:41:51,289 [Worker-35: Building] INFO  o.e.m.c.i.embedder.EclipseLogger - skip non existing resourceDirectory C:\Users\kumar\AppiumLearning\AppiumLearning\src\test\resources
2024-04-04 20:43:43,534 [Worker-30: Launching AutomateDialer] INFO  o.e.m.c.i.embedder.EclipseLogger - Using 'UTF-8' encoding to copy filtered resources.
2024-04-04 20:43:43,534 [Worker-30: Launching AutomateDialer] INFO  o.e.m.c.i.embedder.EclipseLogger - skip non existing resourceDirectory C:\Users\kumar\AppiumLearning\AppiumLearning\src\main\resources
2024-04-04 20:43:43,536 [Worker-30: Launching AutomateDialer] INFO  o.e.m.c.i.embedder.EclipseLogger - Using 'UTF-8' encoding to copy filtered resources.
2024-04-04 20:43:43,536 [Worker-30: Launching AutomateDialer] INFO  o.e.m.c.i.embedder.EclipseLogger - skip non existing resourceDirectory C:\Users\kumar\AppiumLearning\AppiumLearning\src\test\resources
2024-04-04 20:58:44,067 [Worker-39: Launching AutomateDialer] INFO  o.e.m.c.i.embedder.EclipseLogger - Using 'UTF-8' encoding to copy filtered resources.
2024-04-04 20:58:44,068 [Worker-39: Launching AutomateDialer] INFO  o.e.m.c.i.embedder.EclipseLogger - skip non existing resourceDirectory C:\Users\kumar\AppiumLearning\AppiumLearning\src\main\resources
2024-04-04 20:58:44,070 [Worker-39: Launching AutomateDialer] INFO  o.e.m.c.i.embedder.EclipseLogger - Using 'UTF-8' encoding to copy filtered resources.
2024-04-04 20:58:44,071 [Worker-39: Launching AutomateDialer] INFO  o.e.m.c.i.embedder.EclipseLogger - skip non existing resourceDirectory C:\Users\kumar\AppiumLearning\AppiumLearning\src\test\resources
2024-04-04 21:10:53,426 [Worker-42: Launching AutomateDialer] INFO  o.e.m.c.i.embedder.EclipseLogger - Using 'UTF-8' encoding to copy filtered resources.
2024-04-04 21:10:53,426 [Worker-42: Launching AutomateDialer] INFO  o.e.m.c.i.embedder.EclipseLogger - skip non existing resourceDirectory C:\Users\kumar\AppiumLearning\AppiumLearning\src\main\resources
2024-04-04 21:10:53,428 [Worker-42: Launching AutomateDialer] INFO  o.e.m.c.i.embedder.EclipseLogger - Using 'UTF-8' encoding to copy filtered resources.
2024-04-04 21:10:53,429 [Worker-42: Launching AutomateDialer] INFO  o.e.m.c.i.embedder.EclipseLogger - skip non existing resourceDirectory C:\Users\kumar\AppiumLearning\AppiumLearning\src\test\resources
2024-04-04 21:12:10,153 [Worker-41: Launching AutomateDialer] INFO  o.e.m.c.i.embedder.EclipseLogger - Using 'UTF-8' encoding to copy filtered resources.
2024-04-04 21:12:10,153 [Worker-41: Launching AutomateDialer] INFO  o.e.m.c.i.embedder.EclipseLogger - skip non existing resourceDirectory C:\Users\kumar\AppiumLearning\AppiumLearning\src\main\resources
2024-04-04 21:12:10,156 [Worker-41: Launching AutomateDialer] INFO  o.e.m.c.i.embedder.EclipseLogger - Using 'UTF-8' encoding to copy filtered resources.
2024-04-04 21:12:10,157 [Worker-41: Launching AutomateDialer] INFO  o.e.m.c.i.embedder.EclipseLogger - skip non existing resourceDirectory C:\Users\kumar\AppiumLearning\AppiumLearning\src\test\resources
2024-04-04 21:13:05,993 [Worker-39: Launching AutomateDialer] INFO  o.e.m.c.i.embedder.EclipseLogger - Using 'UTF-8' encoding to copy filtered resources.
2024-04-04 21:13:05,993 [Worker-39: Launching AutomateDialer] INFO  o.e.m.c.i.embedder.EclipseLogger - skip non existing resourceDirectory C:\Users\kumar\AppiumLearning\AppiumLearning\src\main\resources
2024-04-04 21:13:05,995 [Worker-39: Launching AutomateDialer] INFO  o.e.m.c.i.embedder.EclipseLogger - Using 'UTF-8' encoding to copy filtered resources.
2024-04-04 21:13:05,996 [Worker-39: Launching AutomateDialer] INFO  o.e.m.c.i.embedder.EclipseLogger - skip non existing resourceDirectory C:\Users\kumar\AppiumLearning\AppiumLearning\src\test\resources
2024-04-04 21:14:07,143 [Worker-44: Launching AutomateDialer] INFO  o.e.m.c.i.embedder.EclipseLogger - Using 'UTF-8' encoding to copy filtered resources.
2024-04-04 21:14:07,143 [Worker-44: Launching AutomateDialer] INFO  o.e.m.c.i.embedder.EclipseLogger - skip non existing resourceDirectory C:\Users\kumar\AppiumLearning\AppiumLearning\src\main\resources
2024-04-04 21:14:07,145 [Worker-44: Launching AutomateDialer] INFO  o.e.m.c.i.embedder.EclipseLogger - Using 'UTF-8' encoding to copy filtered resources.
2024-04-04 21:14:07,145 [Worker-44: Launching AutomateDialer] INFO  o.e.m.c.i.embedder.EclipseLogger - skip non existing resourceDirectory C:\Users\kumar\AppiumLearning\AppiumLearning\src\test\resources
2024-04-04 21:15:22,159 [Worker-44: Launching AutomateDialer] INFO  o.e.m.c.i.embedder.EclipseLogger - Using 'UTF-8' encoding to copy filtered resources.
2024-04-04 21:15:22,160 [Worker-44: Launching AutomateDialer] INFO  o.e.m.c.i.embedder.EclipseLogger - skip non existing resourceDirectory C:\Users\kumar\AppiumLearning\AppiumLearning\src\main\resources
2024-04-04 21:15:22,162 [Worker-44: Launching AutomateDialer] INFO  o.e.m.c.i.embedder.EclipseLogger - Using 'UTF-8' encoding to copy filtered resources.
2024-04-04 21:15:22,162 [Worker-44: Launching AutomateDialer] INFO  o.e.m.c.i.embedder.EclipseLogger - skip non existing resourceDirectory C:\Users\kumar\AppiumLearning\AppiumLearning\src\test\resources
2024-04-04 21:16:16,755 [Worker-45: Launching AutomateDialer] INFO  o.e.m.c.i.embedder.EclipseLogger - Using 'UTF-8' encoding to copy filtered resources.
2024-04-04 21:16:16,756 [Worker-45: Launching AutomateDialer] INFO  o.e.m.c.i.embedder.EclipseLogger - skip non existing resourceDirectory C:\Users\kumar\AppiumLearning\AppiumLearning\src\main\resources
2024-04-04 21:16:16,760 [Worker-45: Launching AutomateDialer] INFO  o.e.m.c.i.embedder.EclipseLogger - Using 'UTF-8' encoding to copy filtered resources.
2024-04-04 21:16:16,760 [Worker-45: Launching AutomateDialer] INFO  o.e.m.c.i.embedder.EclipseLogger - skip non existing resourceDirectory C:\Users\kumar\AppiumLearning\AppiumLearning\src\test\resources
2024-04-08 15:33:17,040 [Worker-5: Loading available Gradle versions] INFO  o.e.b.c.i.u.g.PublishedGradleVersions - Gradle version information cache is out-of-date. Trying to update.
2024-04-08 15:38:33,808 [Worker-1: Loading available Gradle versions] INFO  o.e.b.c.i.u.g.PublishedGradleVersions - Gradle version information cache is up-to-date. Trying to read.
2024-04-08 15:56:16,946 [Worker-26: Building] INFO  o.e.m.c.i.embedder.EclipseLogger - Using 'UTF-8' encoding to copy filtered resources.
2024-04-08 15:56:16,949 [Worker-26: Building] INFO  o.e.m.c.i.embedder.EclipseLogger - skip non existing resourceDirectory C:\Users\kumar\AppiumLearning\AppiumLearning\src\main\resources
2024-04-08 15:56:16,953 [Worker-26: Building] INFO  o.e.m.c.i.embedder.EclipseLogger - Using 'UTF-8' encoding to copy filtered resources.
2024-04-08 15:56:16,953 [Worker-26: Building] INFO  o.e.m.c.i.embedder.EclipseLogger - skip non existing resourceDirectory C:\Users\kumar\AppiumLearning\AppiumLearning\src\test\resources
2024-04-08 16:15:10,155 [Worker-28: Launching HandleUiElements.test_01] INFO  o.e.m.c.i.embedder.EclipseLogger - Using 'UTF-8' encoding to copy filtered resources.
2024-04-08 16:15:10,155 [Worker-28: Launching HandleUiElements.test_01] INFO  o.e.m.c.i.embedder.EclipseLogger - skip non existing resourceDirectory C:\Users\kumar\AppiumLearning\AppiumLearning\src\main\resources
2024-04-08 16:15:10,160 [Worker-28: Launching HandleUiElements.test_01] INFO  o.e.m.c.i.embedder.EclipseLogger - Using 'UTF-8' encoding to copy filtered resources.
2024-04-08 16:15:10,161 [Worker-28: Launching HandleUiElements.test_01] INFO  o.e.m.c.i.embedder.EclipseLogger - skip non existing resourceDirectory C:\Users\kumar\AppiumLearning\AppiumLearning\src\test\resources
2024-04-08 16:17:32,661 [Worker-33: Launching HandleUiElements.test_01] INFO  o.e.m.c.i.embedder.EclipseLogger - Using 'UTF-8' encoding to copy filtered resources.
2024-04-08 16:17:32,662 [Worker-33: Launching HandleUiElements.test_01] INFO  o.e.m.c.i.embedder.EclipseLogger - skip non existing resourceDirectory C:\Users\kumar\AppiumLearning\AppiumLearning\src\main\resources
2024-04-08 16:17:32,665 [Worker-33: Launching HandleUiElements.test_01] INFO  o.e.m.c.i.embedder.EclipseLogger - Using 'UTF-8' encoding to copy filtered resources.
2024-04-08 16:17:32,665 [Worker-33: Launching HandleUiElements.test_01] INFO  o.e.m.c.i.embedder.EclipseLogger - skip non existing resourceDirectory C:\Users\kumar\AppiumLearning\AppiumLearning\src\test\resources
2024-04-08 16:28:10,989 [Worker-35: Launching HandleUiElements.test_01] INFO  o.e.m.c.i.embedder.EclipseLogger - Using 'UTF-8' encoding to copy filtered resources.
2024-04-08 16:28:10,990 [Worker-35: Launching HandleUiElements.test_01] INFO  o.e.m.c.i.embedder.EclipseLogger - skip non existing resourceDirectory C:\Users\kumar\AppiumLearning\AppiumLearning\src\main\resources
2024-04-08 16:28:10,992 [Worker-35: Launching HandleUiElements.test_01] INFO  o.e.m.c.i.embedder.EclipseLogger - Using 'UTF-8' encoding to copy filtered resources.
2024-04-08 16:28:10,993 [Worker-35: Launching HandleUiElements.test_01] INFO  o.e.m.c.i.embedder.EclipseLogger - skip non existing resourceDirectory C:\Users\kumar\AppiumLearning\AppiumLearning\src\test\resources
2024-04-08 16:35:04,510 [Worker-44: Launching HandleUiElements] INFO  o.e.m.c.i.embedder.EclipseLogger - Using 'UTF-8' encoding to copy filtered resources.
2024-04-08 16:35:04,510 [Worker-44: Launching HandleUiElements] INFO  o.e.m.c.i.embedder.EclipseLogger - skip non existing resourceDirectory C:\Users\kumar\AppiumLearning\AppiumLearning\src\main\resources
2024-04-08 16:35:04,513 [Worker-44: Launching HandleUiElements] INFO  o.e.m.c.i.embedder.EclipseLogger - Using 'UTF-8' encoding to copy filtered resources.
2024-04-08 16:35:04,513 [Worker-44: Launching HandleUiElements] INFO  o.e.m.c.i.embedder.EclipseLogger - skip non existing resourceDirectory C:\Users\kumar\AppiumLearning\AppiumLearning\src\test\resources
2024-04-08 16:36:09,512 [Worker-39: Launching HandleUiElements] INFO  o.e.m.c.i.embedder.EclipseLogger - Using 'UTF-8' encoding to copy filtered resources.
2024-04-08 16:36:09,513 [Worker-39: Launching HandleUiElements] INFO  o.e.m.c.i.embedder.EclipseLogger - skip non existing resourceDirectory C:\Users\kumar\AppiumLearning\AppiumLearning\src\main\resources
2024-04-08 16:36:09,515 [Worker-39: Launching HandleUiElements] INFO  o.e.m.c.i.embedder.EclipseLogger - Using 'UTF-8' encoding to copy filtered resources.
2024-04-08 16:36:09,515 [Worker-39: Launching HandleUiElements] INFO  o.e.m.c.i.embedder.EclipseLogger - skip non existing resourceDirectory C:\Users\kumar\AppiumLearning\AppiumLearning\src\test\resources
2024-04-08 16:37:11,625 [Worker-45: Launching HandleUiElements] INFO  o.e.m.c.i.embedder.EclipseLogger - Using 'UTF-8' encoding to copy filtered resources.
2024-04-08 16:37:11,625 [Worker-45: Launching HandleUiElements] INFO  o.e.m.c.i.embedder.EclipseLogger - skip non existing resourceDirectory C:\Users\kumar\AppiumLearning\AppiumLearning\src\main\resources
2024-04-08 16:37:11,627 [Worker-45: Launching HandleUiElements] INFO  o.e.m.c.i.embedder.EclipseLogger - Using 'UTF-8' encoding to copy filtered resources.
2024-04-08 16:37:11,627 [Worker-45: Launching HandleUiElements] INFO  o.e.m.c.i.embedder.EclipseLogger - skip non existing resourceDirectory C:\Users\kumar\AppiumLearning\AppiumLearning\src\test\resources
2024-04-08 16:40:21,814 [Worker-44: Launching HandleUiElements] INFO  o.e.m.c.i.embedder.EclipseLogger - Using 'UTF-8' encoding to copy filtered resources.
2024-04-08 16:40:21,814 [Worker-44: Launching HandleUiElements] INFO  o.e.m.c.i.embedder.EclipseLogger - skip non existing resourceDirectory C:\Users\kumar\AppiumLearning\AppiumLearning\src\main\resources
2024-04-08 16:40:21,817 [Worker-44: Launching HandleUiElements] INFO  o.e.m.c.i.embedder.EclipseLogger - Using 'UTF-8' encoding to copy filtered resources.
2024-04-08 16:40:21,817 [Worker-44: Launching HandleUiElements] INFO  o.e.m.c.i.embedder.EclipseLogger - skip non existing resourceDirectory C:\Users\kumar\AppiumLearning\AppiumLearning\src\test\resources
2024-04-08 16:42:12,720 [Worker-46: Launching HandleUiElements] INFO  o.e.m.c.i.embedder.EclipseLogger - Using 'UTF-8' encoding to copy filtered resources.
2024-04-08 16:42:12,720 [Worker-46: Launching HandleUiElements] INFO  o.e.m.c.i.embedder.EclipseLogger - skip non existing resourceDirectory C:\Users\kumar\AppiumLearning\AppiumLearning\src\main\resources
2024-04-08 16:42:12,723 [Worker-46: Launching HandleUiElements] INFO  o.e.m.c.i.embedder.EclipseLogger - Using 'UTF-8' encoding to copy filtered resources.
2024-04-08 16:42:12,723 [Worker-46: Launching HandleUiElements] INFO  o.e.m.c.i.embedder.EclipseLogger - skip non existing resourceDirectory C:\Users\kumar\AppiumLearning\AppiumLearning\src\test\resources
2024-04-08 19:24:48,687 [Worker-52: Building] INFO  o.e.m.c.i.embedder.EclipseLogger - Using 'UTF-8' encoding to copy filtered resources.
2024-04-08 19:24:48,689 [Worker-52: Building] INFO  o.e.m.c.i.embedder.EclipseLogger - skip non existing resourceDirectory C:\Users\kumar\AppiumLearning\AppiumLearning\src\main\resources
2024-04-08 19:24:48,691 [Worker-52: Building] INFO  o.e.m.c.i.embedder.EclipseLogger - Using 'UTF-8' encoding to copy filtered resources.
2024-04-08 19:24:48,691 [Worker-52: Building] INFO  o.e.m.c.i.embedder.EclipseLogger - skip non existing resourceDirectory C:\Users\kumar\AppiumLearning\AppiumLearning\src\test\resources
2024-04-08 19:38:10,308 [Worker-54: Launching Switches.test_01] INFO  o.e.m.c.i.embedder.EclipseLogger - Using 'UTF-8' encoding to copy filtered resources.
2024-04-08 19:38:10,310 [Worker-54: Launching Switches.test_01] INFO  o.e.m.c.i.embedder.EclipseLogger - skip non existing resourceDirectory C:\Users\kumar\AppiumLearning\AppiumLearning\src\main\resources
2024-04-08 19:38:10,313 [Worker-54: Launching Switches.test_01] INFO  o.e.m.c.i.embedder.EclipseLogger - Using 'UTF-8' encoding to copy filtered resources.
2024-04-08 19:38:10,313 [Worker-54: Launching Switches.test_01] INFO  o.e.m.c.i.embedder.EclipseLogger - skip non existing resourceDirectory C:\Users\kumar\AppiumLearning\AppiumLearning\src\test\resources
2024-04-08 19:41:02,724 [Worker-60: Launching Switches.test_01] INFO  o.e.m.c.i.embedder.EclipseLogger - Using 'UTF-8' encoding to copy filtered resources.
2024-04-08 19:41:02,724 [Worker-60: Launching Switches.test_01] INFO  o.e.m.c.i.embedder.EclipseLogger - skip non existing resourceDirectory C:\Users\kumar\AppiumLearning\AppiumLearning\src\main\resources
2024-04-08 19:41:02,726 [Worker-60: Launching Switches.test_01] INFO  o.e.m.c.i.embedder.EclipseLogger - Using 'UTF-8' encoding to copy filtered resources.
2024-04-08 19:41:02,727 [Worker-60: Launching Switches.test_01] INFO  o.e.m.c.i.embedder.EclipseLogger - skip non existing resourceDirectory C:\Users\kumar\AppiumLearning\AppiumLearning\src\test\resources
2024-04-08 19:47:37,430 [Worker-64: Launching Switches.test_01] INFO  o.e.m.c.i.embedder.EclipseLogger - Using 'UTF-8' encoding to copy filtered resources.
2024-04-08 19:47:37,431 [Worker-64: Launching Switches.test_01] INFO  o.e.m.c.i.embedder.EclipseLogger - skip non existing resourceDirectory C:\Users\kumar\AppiumLearning\AppiumLearning\src\main\resources
2024-04-08 19:47:37,433 [Worker-64: Launching Switches.test_01] INFO  o.e.m.c.i.embedder.EclipseLogger - Using 'UTF-8' encoding to copy filtered resources.
2024-04-08 19:47:37,433 [Worker-64: Launching Switches.test_01] INFO  o.e.m.c.i.embedder.EclipseLogger - skip non existing resourceDirectory C:\Users\kumar\AppiumLearning\AppiumLearning\src\test\resources
2024-04-08 19:51:54,113 [Worker-65: Launching Switches] INFO  o.e.m.c.i.embedder.EclipseLogger - Using 'UTF-8' encoding to copy filtered resources.
2024-04-08 19:51:54,114 [Worker-65: Launching Switches] INFO  o.e.m.c.i.embedder.EclipseLogger - skip non existing resourceDirectory C:\Users\kumar\AppiumLearning\AppiumLearning\src\main\resources
2024-04-08 19:51:54,116 [Worker-65: Launching Switches] INFO  o.e.m.c.i.embedder.EclipseLogger - Using 'UTF-8' encoding to copy filtered resources.
2024-04-08 19:51:54,116 [Worker-65: Launching Switches] INFO  o.e.m.c.i.embedder.EclipseLogger - skip non existing resourceDirectory C:\Users\kumar\AppiumLearning\AppiumLearning\src\test\resources
2024-04-08 19:54:05,057 [Worker-69: Launching Switches] INFO  o.e.m.c.i.embedder.EclipseLogger - Using 'UTF-8' encoding to copy filtered resources.
2024-04-08 19:54:05,059 [Worker-69: Launching Switches] INFO  o.e.m.c.i.embedder.EclipseLogger - skip non existing resourceDirectory C:\Users\kumar\AppiumLearning\AppiumLearning\src\main\resources
2024-04-08 19:54:05,060 [Worker-69: Launching Switches] INFO  o.e.m.c.i.embedder.EclipseLogger - Using 'UTF-8' encoding to copy filtered resources.
2024-04-08 19:54:05,061 [Worker-69: Launching Switches] INFO  o.e.m.c.i.embedder.EclipseLogger - skip non existing resourceDirectory C:\Users\kumar\AppiumLearning\AppiumLearning\src\test\resources
2024-04-08 19:54:41,020 [Worker-70: Launching Switches] INFO  o.e.m.c.i.embedder.EclipseLogger - Using 'UTF-8' encoding to copy filtered resources.
2024-04-08 19:54:41,021 [Worker-70: Launching Switches] INFO  o.e.m.c.i.embedder.EclipseLogger - skip non existing resourceDirectory C:\Users\kumar\AppiumLearning\AppiumLearning\src\main\resources
2024-04-08 19:54:41,023 [Worker-70: Launching Switches] INFO  o.e.m.c.i.embedder.EclipseLogger - Using 'UTF-8' encoding to copy filtered resources.
2024-04-08 19:54:41,023 [Worker-70: Launching Switches] INFO  o.e.m.c.i.embedder.EclipseLogger - skip non existing resourceDirectory C:\Users\kumar\AppiumLearning\AppiumLearning\src\test\resources
2024-04-08 19:55:24,561 [Worker-68: Launching Switches] INFO  o.e.m.c.i.embedder.EclipseLogger - Using 'UTF-8' encoding to copy filtered resources.
2024-04-08 19:55:24,561 [Worker-68: Launching Switches] INFO  o.e.m.c.i.embedder.EclipseLogger - skip non existing resourceDirectory C:\Users\kumar\AppiumLearning\AppiumLearning\src\main\resources
2024-04-08 19:55:24,565 [Worker-68: Launching Switches] INFO  o.e.m.c.i.embedder.EclipseLogger - Using 'UTF-8' encoding to copy filtered resources.
2024-04-08 19:55:24,565 [Worker-68: Launching Switches] INFO  o.e.m.c.i.embedder.EclipseLogger - skip non existing resourceDirectory C:\Users\kumar\AppiumLearning\AppiumLearning\src\test\resources
2024-04-08 19:57:02,030 [Worker-70: Building] INFO  o.e.m.c.i.embedder.EclipseLogger - Using 'UTF-8' encoding to copy filtered resources.
2024-04-08 19:57:02,030 [Worker-70: Building] INFO  o.e.m.c.i.embedder.EclipseLogger - skip non existing resourceDirectory C:\Users\kumar\AppiumLearning\AppiumLearning\src\main\resources
2024-04-08 19:57:02,035 [Worker-70: Building] INFO  o.e.m.c.i.embedder.EclipseLogger - Using 'UTF-8' encoding to copy filtered resources.
2024-04-08 19:57:02,035 [Worker-70: Building] INFO  o.e.m.c.i.embedder.EclipseLogger - skip non existing resourceDirectory C:\Users\kumar\AppiumLearning\AppiumLearning\src\test\resources
2024-04-08 20:01:23,530 [Worker-69: Launching DragAndDrop] INFO  o.e.m.c.i.embedder.EclipseLogger - Using 'UTF-8' encoding to copy filtered resources.
2024-04-08 20:01:23,530 [Worker-69: Launching DragAndDrop] INFO  o.e.m.c.i.embedder.EclipseLogger - skip non existing resourceDirectory C:\Users\kumar\AppiumLearning\AppiumLearning\src\main\resources
2024-04-08 20:01:23,534 [Worker-69: Launching DragAndDrop] INFO  o.e.m.c.i.embedder.EclipseLogger - Using 'UTF-8' encoding to copy filtered resources.
2024-04-08 20:01:23,534 [Worker-69: Launching DragAndDrop] INFO  o.e.m.c.i.embedder.EclipseLogger - skip non existing resourceDirectory C:\Users\kumar\AppiumLearning\AppiumLearning\src\test\resources
2024-04-08 20:17:25,508 [Worker-79: Launching DragAndDrop.test_01] INFO  o.e.m.c.i.embedder.EclipseLogger - Using 'UTF-8' encoding to copy filtered resources.
2024-04-08 20:17:25,508 [Worker-79: Launching DragAndDrop.test_01] INFO  o.e.m.c.i.embedder.EclipseLogger - skip non existing resourceDirectory C:\Users\kumar\AppiumLearning\AppiumLearning\src\main\resources
2024-04-08 20:17:25,511 [Worker-79: Launching DragAndDrop.test_01] INFO  o.e.m.c.i.embedder.EclipseLogger - Using 'UTF-8' encoding to copy filtered resources.
2024-04-08 20:17:25,511 [Worker-79: Launching DragAndDrop.test_01] INFO  o.e.m.c.i.embedder.EclipseLogger - skip non existing resourceDirectory C:\Users\kumar\AppiumLearning\AppiumLearning\src\test\resources
2024-04-08 20:21:43,545 [Worker-69: Launching DragAndDrop] INFO  o.e.m.c.i.embedder.EclipseLogger - Using 'UTF-8' encoding to copy filtered resources.
2024-04-08 20:21:43,546 [Worker-69: Launching DragAndDrop] INFO  o.e.m.c.i.embedder.EclipseLogger - skip non existing resourceDirectory C:\Users\kumar\AppiumLearning\AppiumLearning\src\main\resources
2024-04-08 20:21:43,547 [Worker-69: Launching DragAndDrop] INFO  o.e.m.c.i.embedder.EclipseLogger - Using 'UTF-8' encoding to copy filtered resources.
2024-04-08 20:21:43,547 [Worker-69: Launching DragAndDrop] INFO  o.e.m.c.i.embedder.EclipseLogger - skip non existing resourceDirectory C:\Users\kumar\AppiumLearning\AppiumLearning\src\test\resources
2024-04-08 20:22:41,410 [Worker-84: Launching DragAndDrop] INFO  o.e.m.c.i.embedder.EclipseLogger - Using 'UTF-8' encoding to copy filtered resources.
2024-04-08 20:22:41,410 [Worker-84: Launching DragAndDrop] INFO  o.e.m.c.i.embedder.EclipseLogger - skip non existing resourceDirectory C:\Users\kumar\AppiumLearning\AppiumLearning\src\main\resources
2024-04-08 20:22:41,412 [Worker-84: Launching DragAndDrop] INFO  o.e.m.c.i.embedder.EclipseLogger - Using 'UTF-8' encoding to copy filtered resources.
2024-04-08 20:22:41,412 [Worker-84: Launching DragAndDrop] INFO  o.e.m.c.i.embedder.EclipseLogger - skip non existing resourceDirectory C:\Users\kumar\AppiumLearning\AppiumLearning\src\test\resources
2024-04-08 20:23:38,780 [Worker-85: Launching DragAndDrop] INFO  o.e.m.c.i.embedder.EclipseLogger - Using 'UTF-8' encoding to copy filtered resources.
2024-04-08 20:23:38,781 [Worker-85: Launching DragAndDrop] INFO  o.e.m.c.i.embedder.EclipseLogger - skip non existing resourceDirectory C:\Users\kumar\AppiumLearning\AppiumLearning\src\main\resources
2024-04-08 20:23:38,782 [Worker-85: Launching DragAndDrop] INFO  o.e.m.c.i.embedder.EclipseLogger - Using 'UTF-8' encoding to copy filtered resources.
2024-04-08 20:23:38,782 [Worker-85: Launching DragAndDrop] INFO  o.e.m.c.i.embedder.EclipseLogger - skip non existing resourceDirectory C:\Users\kumar\AppiumLearning\AppiumLearning\src\test\resources
2024-04-08 20:25:22,890 [Worker-87: Launching DragAndDrop] INFO  o.e.m.c.i.embedder.EclipseLogger - Using 'UTF-8' encoding to copy filtered resources.
2024-04-08 20:25:22,890 [Worker-87: Launching DragAndDrop] INFO  o.e.m.c.i.embedder.EclipseLogger - skip non existing resourceDirectory C:\Users\kumar\AppiumLearning\AppiumLearning\src\main\resources
2024-04-08 20:25:22,892 [Worker-87: Launching DragAndDrop] INFO  o.e.m.c.i.embedder.EclipseLogger - Using 'UTF-8' encoding to copy filtered resources.
2024-04-08 20:25:22,892 [Worker-87: Launching DragAndDrop] INFO  o.e.m.c.i.embedder.EclipseLogger - skip non existing resourceDirectory C:\Users\kumar\AppiumLearning\AppiumLearning\src\test\resources
2024-04-08 20:27:40,253 [Worker-85: Launching DragAndDrop] INFO  o.e.m.c.i.embedder.EclipseLogger - Using 'UTF-8' encoding to copy filtered resources.
2024-04-08 20:27:40,253 [Worker-85: Launching DragAndDrop] INFO  o.e.m.c.i.embedder.EclipseLogger - skip non existing resourceDirectory C:\Users\kumar\AppiumLearning\AppiumLearning\src\main\resources
2024-04-08 20:27:40,255 [Worker-85: Launching DragAndDrop] INFO  o.e.m.c.i.embedder.EclipseLogger - Using 'UTF-8' encoding to copy filtered resources.
2024-04-08 20:27:40,255 [Worker-85: Launching DragAndDrop] INFO  o.e.m.c.i.embedder.EclipseLogger - skip non existing resourceDirectory C:\Users\kumar\AppiumLearning\AppiumLearning\src\test\resources
2024-04-08 21:06:24,217 [Worker-90: Launching DragAndDrop.test_02] INFO  o.e.m.c.i.embedder.EclipseLogger - Using 'UTF-8' encoding to copy filtered resources.
2024-04-08 21:06:24,218 [Worker-90: Launching DragAndDrop.test_02] INFO  o.e.m.c.i.embedder.EclipseLogger - skip non existing resourceDirectory C:\Users\kumar\AppiumLearning\AppiumLearning\src\main\resources
2024-04-08 21:06:24,221 [Worker-90: Launching DragAndDrop.test_02] INFO  o.e.m.c.i.embedder.EclipseLogger - Using 'UTF-8' encoding to copy filtered resources.
2024-04-08 21:06:24,222 [Worker-90: Launching DragAndDrop.test_02] INFO  o.e.m.c.i.embedder.EclipseLogger - skip non existing resourceDirectory C:\Users\kumar\AppiumLearning\AppiumLearning\src\test\resources
2024-04-08 21:07:44,114 [Worker-90: Launching DragAndDrop] INFO  o.e.m.c.i.embedder.EclipseLogger - Using 'UTF-8' encoding to copy filtered resources.
2024-04-08 21:07:44,114 [Worker-90: Launching DragAndDrop] INFO  o.e.m.c.i.embedder.EclipseLogger - skip non existing resourceDirectory C:\Users\kumar\AppiumLearning\AppiumLearning\src\main\resources
2024-04-08 21:07:44,115 [Worker-90: Launching DragAndDrop] INFO  o.e.m.c.i.embedder.EclipseLogger - Using 'UTF-8' encoding to copy filtered resources.
2024-04-08 21:07:44,115 [Worker-90: Launching DragAndDrop] INFO  o.e.m.c.i.embedder.EclipseLogger - skip non existing resourceDirectory C:\Users\kumar\AppiumLearning\AppiumLearning\src\test\resources
2024-04-08 21:11:27,063 [Worker-93: Launching DragAndDrop] INFO  o.e.m.c.i.embedder.EclipseLogger - Using 'UTF-8' encoding to copy filtered resources.
2024-04-08 21:11:27,064 [Worker-93: Launching DragAndDrop] INFO  o.e.m.c.i.embedder.EclipseLogger - skip non existing resourceDirectory C:\Users\kumar\AppiumLearning\AppiumLearning\src\main\resources
2024-04-08 21:11:27,068 [Worker-93: Launching DragAndDrop] INFO  o.e.m.c.i.embedder.EclipseLogger - Using 'UTF-8' encoding to copy filtered resources.
2024-04-08 21:11:27,068 [Worker-93: Launching DragAndDrop] INFO  o.e.m.c.i.embedder.EclipseLogger - skip non existing resourceDirectory C:\Users\kumar\AppiumLearning\AppiumLearning\src\test\resources
2024-04-08 21:12:04,396 [Worker-4: Loading available Gradle versions] INFO  o.e.b.c.i.u.g.PublishedGradleVersions - Gradle version information cache is up-to-date. Trying to read.
2024-04-09 01:01:39,418 [Worker-32: Launching DragAndDrop.test_02] INFO  o.e.m.c.i.embedder.EclipseLogger - Using 'UTF-8' encoding to copy filtered resources.
2024-04-09 01:01:39,423 [Worker-32: Launching DragAndDrop.test_02] INFO  o.e.m.c.i.embedder.EclipseLogger - skip non existing resourceDirectory C:\Users\kumar\AppiumLearning\AppiumLearning\src\main\resources
2024-04-09 01:01:39,428 [Worker-32: Launching DragAndDrop.test_02] INFO  o.e.m.c.i.embedder.EclipseLogger - Using 'UTF-8' encoding to copy filtered resources.
2024-04-09 01:01:39,428 [Worker-32: Launching DragAndDrop.test_02] INFO  o.e.m.c.i.embedder.EclipseLogger - skip non existing resourceDirectory C:\Users\kumar\AppiumLearning\AppiumLearning\src\test\resources
2024-04-09 01:03:24,396 [Worker-35: Launching DragAndDrop.test_02] INFO  o.e.m.c.i.embedder.EclipseLogger - Using 'UTF-8' encoding to copy filtered resources.
2024-04-09 01:03:24,396 [Worker-35: Launching DragAndDrop.test_02] INFO  o.e.m.c.i.embedder.EclipseLogger - skip non existing resourceDirectory C:\Users\kumar\AppiumLearning\AppiumLearning\src\main\resources
2024-04-09 01:03:24,398 [Worker-35: Launching DragAndDrop.test_02] INFO  o.e.m.c.i.embedder.EclipseLogger - Using 'UTF-8' encoding to copy filtered resources.
2024-04-09 01:03:24,399 [Worker-35: Launching DragAndDrop.test_02] INFO  o.e.m.c.i.embedder.EclipseLogger - skip non existing resourceDirectory C:\Users\kumar\AppiumLearning\AppiumLearning\src\test\resources
2024-04-09 01:04:22,570 [Worker-35: Launching DragAndDrop.test_02] INFO  o.e.m.c.i.embedder.EclipseLogger - Using 'UTF-8' encoding to copy filtered resources.
2024-04-09 01:04:22,570 [Worker-35: Launching DragAndDrop.test_02] INFO  o.e.m.c.i.embedder.EclipseLogger - skip non existing resourceDirectory C:\Users\kumar\AppiumLearning\AppiumLearning\src\main\resources
2024-04-09 01:04:22,573 [Worker-35: Launching DragAndDrop.test_02] INFO  o.e.m.c.i.embedder.EclipseLogger - Using 'UTF-8' encoding to copy filtered resources.
2024-04-09 01:04:22,573 [Worker-35: Launching DragAndDrop.test_02] INFO  o.e.m.c.i.embedder.EclipseLogger - skip non existing resourceDirectory C:\Users\kumar\AppiumLearning\AppiumLearning\src\test\resources
2024-04-09 01:04:55,157 [Worker-2: Launching DragAndDrop] INFO  o.e.m.c.i.embedder.EclipseLogger - Using 'UTF-8' encoding to copy filtered resources.
2024-04-09 01:04:55,157 [Worker-2: Launching DragAndDrop] INFO  o.e.m.c.i.embedder.EclipseLogger - skip non existing resourceDirectory C:\Users\kumar\AppiumLearning\AppiumLearning\src\main\resources
2024-04-09 01:04:55,159 [Worker-2: Launching DragAndDrop] INFO  o.e.m.c.i.embedder.EclipseLogger - Using 'UTF-8' encoding to copy filtered resources.
2024-04-09 01:04:55,160 [Worker-2: Launching DragAndDrop] INFO  o.e.m.c.i.embedder.EclipseLogger - skip non existing resourceDirectory C:\Users\kumar\AppiumLearning\AppiumLearning\src\test\resources
2024-04-09 01:14:56,037 [Worker-35: Building] INFO  o.e.m.c.i.embedder.EclipseLogger - Using 'UTF-8' encoding to copy filtered resources.
2024-04-09 01:14:56,037 [Worker-35: Building] INFO  o.e.m.c.i.embedder.EclipseLogger - skip non existing resourceDirectory C:\Users\kumar\AppiumLearning\AppiumLearning\src\main\resources
2024-04-09 01:14:56,040 [Worker-35: Building] INFO  o.e.m.c.i.embedder.EclipseLogger - Using 'UTF-8' encoding to copy filtered resources.
2024-04-09 01:14:56,040 [Worker-35: Building] INFO  o.e.m.c.i.embedder.EclipseLogger - skip non existing resourceDirectory C:\Users\kumar\AppiumLearning\AppiumLearning\src\test\resources
2024-04-09 16:16:23,151 [Worker-3: Loading available Gradle versions] INFO  o.e.b.c.i.u.g.PublishedGradleVersions - Gradle version information cache is out-of-date. Trying to update.
2024-04-09 16:30:52,093 [Worker-13: Launching DragAndDrop.test_01] INFO  o.e.m.c.i.embedder.EclipseLogger - Using 'UTF-8' encoding to copy filtered resources.
2024-04-09 16:30:52,097 [Worker-13: Launching DragAndDrop.test_01] INFO  o.e.m.c.i.embedder.EclipseLogger - skip non existing resourceDirectory C:\Users\kumar\AppiumLearning\AppiumLearning\src\main\resources
2024-04-09 16:30:52,101 [Worker-13: Launching DragAndDrop.test_01] INFO  o.e.m.c.i.embedder.EclipseLogger - Using 'UTF-8' encoding to copy filtered resources.
2024-04-09 16:30:52,101 [Worker-13: Launching DragAndDrop.test_01] INFO  o.e.m.c.i.embedder.EclipseLogger - skip non existing resourceDirectory C:\Users\kumar\AppiumLearning\AppiumLearning\src\test\resources
2024-04-09 16:34:13,396 [Worker-26: Building] INFO  o.e.m.c.i.embedder.EclipseLogger - Using 'UTF-8' encoding to copy filtered resources.
2024-04-09 16:34:13,396 [Worker-26: Building] INFO  o.e.m.c.i.embedder.EclipseLogger - skip non existing resourceDirectory C:\Users\kumar\AppiumLearning\AppiumLearning\src\main\resources
2024-04-09 16:34:13,400 [Worker-26: Building] INFO  o.e.m.c.i.embedder.EclipseLogger - Using 'UTF-8' encoding to copy filtered resources.
2024-04-09 16:34:13,400 [Worker-26: Building] INFO  o.e.m.c.i.embedder.EclipseLogger - skip non existing resourceDirectory C:\Users\kumar\AppiumLearning\AppiumLearning\src\test\resources
2024-04-09 17:07:29,587 [Worker-30: Launching SwipeAndScroll.test_01] INFO  o.e.m.c.i.embedder.EclipseLogger - Using 'UTF-8' encoding to copy filtered resources.
2024-04-09 17:07:29,587 [Worker-30: Launching SwipeAndScroll.test_01] INFO  o.e.m.c.i.embedder.EclipseLogger - skip non existing resourceDirectory C:\Users\kumar\AppiumLearning\AppiumLearning\src\main\resources
2024-04-09 17:07:29,592 [Worker-30: Launching SwipeAndScroll.test_01] INFO  o.e.m.c.i.embedder.EclipseLogger - Using 'UTF-8' encoding to copy filtered resources.
2024-04-09 17:07:29,592 [Worker-30: Launching SwipeAndScroll.test_01] INFO  o.e.m.c.i.embedder.EclipseLogger - skip non existing resourceDirectory C:\Users\kumar\AppiumLearning\AppiumLearning\src\test\resources
2024-04-09 17:11:20,203 [Worker-33: Launching SwipeAndScroll.test_01] INFO  o.e.m.c.i.embedder.EclipseLogger - Using 'UTF-8' encoding to copy filtered resources.
2024-04-09 17:11:20,203 [Worker-33: Launching SwipeAndScroll.test_01] INFO  o.e.m.c.i.embedder.EclipseLogger - skip non existing resourceDirectory C:\Users\kumar\AppiumLearning\AppiumLearning\src\main\resources
2024-04-09 17:11:20,208 [Worker-33: Launching SwipeAndScroll.test_01] INFO  o.e.m.c.i.embedder.EclipseLogger - Using 'UTF-8' encoding to copy filtered resources.
2024-04-09 17:11:20,208 [Worker-33: Launching SwipeAndScroll.test_01] INFO  o.e.m.c.i.embedder.EclipseLogger - skip non existing resourceDirectory C:\Users\kumar\AppiumLearning\AppiumLearning\src\test\resources
2024-04-09 17:13:09,418 [Worker-33: Launching SwipeAndScroll.test_01] INFO  o.e.m.c.i.embedder.EclipseLogger - Using 'UTF-8' encoding to copy filtered resources.
2024-04-09 17:13:09,419 [Worker-33: Launching SwipeAndScroll.test_01] INFO  o.e.m.c.i.embedder.EclipseLogger - skip non existing resourceDirectory C:\Users\kumar\AppiumLearning\AppiumLearning\src\main\resources
2024-04-09 17:13:09,422 [Worker-33: Launching SwipeAndScroll.test_01] INFO  o.e.m.c.i.embedder.EclipseLogger - Using 'UTF-8' encoding to copy filtered resources.
2024-04-09 17:13:09,423 [Worker-33: Launching SwipeAndScroll.test_01] INFO  o.e.m.c.i.embedder.EclipseLogger - skip non existing resourceDirectory C:\Users\kumar\AppiumLearning\AppiumLearning\src\test\resources
2024-04-09 17:43:47,567 [Worker-41: Launching SwipeAndScroll.test_01] INFO  o.e.m.c.i.embedder.EclipseLogger - Using 'UTF-8' encoding to copy filtered resources.
2024-04-09 17:43:47,569 [Worker-41: Launching SwipeAndScroll.test_01] INFO  o.e.m.c.i.embedder.EclipseLogger - skip non existing resourceDirectory C:\Users\kumar\AppiumLearning\AppiumLearning\src\main\resources
2024-04-09 17:43:47,575 [Worker-41: Launching SwipeAndScroll.test_01] INFO  o.e.m.c.i.embedder.EclipseLogger - Using 'UTF-8' encoding to copy filtered resources.
2024-04-09 17:43:47,576 [Worker-41: Launching SwipeAndScroll.test_01] INFO  o.e.m.c.i.embedder.EclipseLogger - skip non existing resourceDirectory C:\Users\kumar\AppiumLearning\AppiumLearning\src\test\resources
2024-04-09 17:45:34,528 [Worker-42: Launching SwipeAndScroll.test_01] INFO  o.e.m.c.i.embedder.EclipseLogger - Using 'UTF-8' encoding to copy filtered resources.
2024-04-09 17:45:34,529 [Worker-42: Launching SwipeAndScroll.test_01] INFO  o.e.m.c.i.embedder.EclipseLogger - skip non existing resourceDirectory C:\Users\kumar\AppiumLearning\AppiumLearning\src\main\resources
2024-04-09 17:45:34,532 [Worker-42: Launching SwipeAndScroll.test_01] INFO  o.e.m.c.i.embedder.EclipseLogger - Using 'UTF-8' encoding to copy filtered resources.
2024-04-09 17:45:34,532 [Worker-42: Launching SwipeAndScroll.test_01] INFO  o.e.m.c.i.embedder.EclipseLogger - skip non existing resourceDirectory C:\Users\kumar\AppiumLearning\AppiumLearning\src\test\resources
2024-04-09 17:47:08,734 [Worker-43: Launching SwipeAndScroll.test_01] INFO  o.e.m.c.i.embedder.EclipseLogger - Using 'UTF-8' encoding to copy filtered resources.
2024-04-09 17:47:08,735 [Worker-43: Launching SwipeAndScroll.test_01] INFO  o.e.m.c.i.embedder.EclipseLogger - skip non existing resourceDirectory C:\Users\kumar\AppiumLearning\AppiumLearning\src\main\resources
2024-04-09 17:47:08,736 [Worker-43: Launching SwipeAndScroll.test_01] INFO  o.e.m.c.i.embedder.EclipseLogger - Using 'UTF-8' encoding to copy filtered resources.
2024-04-09 17:47:08,737 [Worker-43: Launching SwipeAndScroll.test_01] INFO  o.e.m.c.i.embedder.EclipseLogger - skip non existing resourceDirectory C:\Users\kumar\AppiumLearning\AppiumLearning\src\test\resources
2024-04-09 17:48:49,452 [Worker-42: Launching SwipeAndScroll.test_02] INFO  o.e.m.c.i.embedder.EclipseLogger - Using 'UTF-8' encoding to copy filtered resources.
2024-04-09 17:48:49,453 [Worker-42: Launching SwipeAndScroll.test_02] INFO  o.e.m.c.i.embedder.EclipseLogger - skip non existing resourceDirectory C:\Users\kumar\AppiumLearning\AppiumLearning\src\main\resources
2024-04-09 17:48:49,455 [Worker-42: Launching SwipeAndScroll.test_02] INFO  o.e.m.c.i.embedder.EclipseLogger - Using 'UTF-8' encoding to copy filtered resources.
2024-04-09 17:48:49,456 [Worker-42: Launching SwipeAndScroll.test_02] INFO  o.e.m.c.i.embedder.EclipseLogger - skip non existing resourceDirectory C:\Users\kumar\AppiumLearning\AppiumLearning\src\test\resources
2024-04-09 17:49:46,590 [Worker-46: Launching SwipeAndScroll.test_02] INFO  o.e.m.c.i.embedder.EclipseLogger - Using 'UTF-8' encoding to copy filtered resources.
2024-04-09 17:49:46,590 [Worker-46: Launching SwipeAndScroll.test_02] INFO  o.e.m.c.i.embedder.EclipseLogger - skip non existing resourceDirectory C:\Users\kumar\AppiumLearning\AppiumLearning\src\main\resources
2024-04-09 17:49:46,592 [Worker-46: Launching SwipeAndScroll.test_02] INFO  o.e.m.c.i.embedder.EclipseLogger - Using 'UTF-8' encoding to copy filtered resources.
2024-04-09 17:49:46,593 [Worker-46: Launching SwipeAndScroll.test_02] INFO  o.e.m.c.i.embedder.EclipseLogger - skip non existing resourceDirectory C:\Users\kumar\AppiumLearning\AppiumLearning\src\test\resources
2024-04-09 17:51:20,821 [Worker-46: Launching SwipeAndScroll.test_01] INFO  o.e.m.c.i.embedder.EclipseLogger - Using 'UTF-8' encoding to copy filtered resources.
2024-04-09 17:51:20,822 [Worker-46: Launching SwipeAndScroll.test_01] INFO  o.e.m.c.i.embedder.EclipseLogger - skip non existing resourceDirectory C:\Users\kumar\AppiumLearning\AppiumLearning\src\main\resources
2024-04-09 17:51:20,823 [Worker-46: Launching SwipeAndScroll.test_01] INFO  o.e.m.c.i.embedder.EclipseLogger - Using 'UTF-8' encoding to copy filtered resources.
2024-04-09 17:51:20,823 [Worker-46: Launching SwipeAndScroll.test_01] INFO  o.e.m.c.i.embedder.EclipseLogger - skip non existing resourceDirectory C:\Users\kumar\AppiumLearning\AppiumLearning\src\test\resources
2024-04-09 17:53:09,437 [Worker-47: Launching SwipeAndScroll] INFO  o.e.m.c.i.embedder.EclipseLogger - Using 'UTF-8' encoding to copy filtered resources.
2024-04-09 17:53:09,437 [Worker-47: Launching SwipeAndScroll] INFO  o.e.m.c.i.embedder.EclipseLogger - skip non existing resourceDirectory C:\Users\kumar\AppiumLearning\AppiumLearning\src\main\resources
2024-04-09 17:53:09,439 [Worker-47: Launching SwipeAndScroll] INFO  o.e.m.c.i.embedder.EclipseLogger - Using 'UTF-8' encoding to copy filtered resources.
2024-04-09 17:53:09,439 [Worker-47: Launching SwipeAndScroll] INFO  o.e.m.c.i.embedder.EclipseLogger - skip non existing resourceDirectory C:\Users\kumar\AppiumLearning\AppiumLearning\src\test\resources
2024-04-09 17:54:06,505 [Worker-42: Building] INFO  o.e.m.c.i.embedder.EclipseLogger - Using 'UTF-8' encoding to copy filtered resources.
2024-04-09 17:54:06,507 [Worker-42: Building] INFO  o.e.m.c.i.embedder.EclipseLogger - skip non existing resourceDirectory C:\Users\kumar\AppiumLearning\AppiumLearning\src\main\resources
2024-04-09 17:54:06,509 [Worker-42: Building] INFO  o.e.m.c.i.embedder.EclipseLogger - Using 'UTF-8' encoding to copy filtered resources.
2024-04-09 17:54:06,509 [Worker-42: Building] INFO  o.e.m.c.i.embedder.EclipseLogger - skip non existing resourceDirectory C:\Users\kumar\AppiumLearning\AppiumLearning\src\test\resources
2024-04-09 17:54:19,093 [Worker-0: Loading available Gradle versions] INFO  o.e.b.c.i.u.g.PublishedGradleVersions - Gradle version information cache is up-to-date. Trying to read.
2024-04-09 17:56:23,175 [Worker-16: Launching SwipeAndScroll.test_01] INFO  o.e.m.c.i.embedder.EclipseLogger - Using 'UTF-8' encoding to copy filtered resources.
2024-04-09 17:56:23,177 [Worker-16: Launching SwipeAndScroll.test_01] INFO  o.e.m.c.i.embedder.EclipseLogger - skip non existing resourceDirectory C:\Users\kumar\AppiumLearning\AppiumLearning\src\main\resources
2024-04-09 17:56:23,181 [Worker-16: Launching SwipeAndScroll.test_01] INFO  o.e.m.c.i.embedder.EclipseLogger - Using 'UTF-8' encoding to copy filtered resources.
2024-04-09 17:56:23,181 [Worker-16: Launching SwipeAndScroll.test_01] INFO  o.e.m.c.i.embedder.EclipseLogger - skip non existing resourceDirectory C:\Users\kumar\AppiumLearning\AppiumLearning\src\test\resources
2024-04-09 17:57:20,714 [Worker-19: Launching SwipeAndScroll.test_02] INFO  o.e.m.c.i.embedder.EclipseLogger - Using 'UTF-8' encoding to copy filtered resources.
2024-04-09 17:57:20,714 [Worker-19: Launching SwipeAndScroll.test_02] INFO  o.e.m.c.i.embedder.EclipseLogger - skip non existing resourceDirectory C:\Users\kumar\AppiumLearning\AppiumLearning\src\main\resources
2024-04-09 17:57:20,717 [Worker-19: Launching SwipeAndScroll.test_02] INFO  o.e.m.c.i.embedder.EclipseLogger - Using 'UTF-8' encoding to copy filtered resources.
2024-04-09 17:57:20,717 [Worker-19: Launching SwipeAndScroll.test_02] INFO  o.e.m.c.i.embedder.EclipseLogger - skip non existing resourceDirectory C:\Users\kumar\AppiumLearning\AppiumLearning\src\test\resources
2024-04-09 17:59:04,652 [Worker-18: Launching SwipeAndScroll.test_03] INFO  o.e.m.c.i.embedder.EclipseLogger - Using 'UTF-8' encoding to copy filtered resources.
2024-04-09 17:59:04,652 [Worker-18: Launching SwipeAndScroll.test_03] INFO  o.e.m.c.i.embedder.EclipseLogger - skip non existing resourceDirectory C:\Users\kumar\AppiumLearning\AppiumLearning\src\main\resources
2024-04-09 17:59:04,655 [Worker-18: Launching SwipeAndScroll.test_03] INFO  o.e.m.c.i.embedder.EclipseLogger - Using 'UTF-8' encoding to copy filtered resources.
2024-04-09 17:59:04,655 [Worker-18: Launching SwipeAndScroll.test_03] INFO  o.e.m.c.i.embedder.EclipseLogger - skip non existing resourceDirectory C:\Users\kumar\AppiumLearning\AppiumLearning\src\test\resources
2024-04-09 17:59:30,420 [Worker-20: Launching SwipeAndScroll.test_03] INFO  o.e.m.c.i.embedder.EclipseLogger - Using 'UTF-8' encoding to copy filtered resources.
2024-04-09 17:59:30,420 [Worker-20: Launching SwipeAndScroll.test_03] INFO  o.e.m.c.i.embedder.EclipseLogger - skip non existing resourceDirectory C:\Users\kumar\AppiumLearning\AppiumLearning\src\main\resources
2024-04-09 17:59:30,423 [Worker-20: Launching SwipeAndScroll.test_03] INFO  o.e.m.c.i.embedder.EclipseLogger - Using 'UTF-8' encoding to copy filtered resources.
2024-04-09 17:59:30,423 [Worker-20: Launching SwipeAndScroll.test_03] INFO  o.e.m.c.i.embedder.EclipseLogger - skip non existing resourceDirectory C:\Users\kumar\AppiumLearning\AppiumLearning\src\test\resources
2024-04-09 18:08:01,423 [Worker-18: Launching SwipeAndScroll.test_02] INFO  o.e.m.c.i.embedder.EclipseLogger - Using 'UTF-8' encoding to copy filtered resources.
2024-04-09 18:08:01,423 [Worker-18: Launching SwipeAndScroll.test_02] INFO  o.e.m.c.i.embedder.EclipseLogger - skip non existing resourceDirectory C:\Users\kumar\AppiumLearning\AppiumLearning\src\main\resources
2024-04-09 18:08:01,427 [Worker-18: Launching SwipeAndScroll.test_02] INFO  o.e.m.c.i.embedder.EclipseLogger - Using 'UTF-8' encoding to copy filtered resources.
2024-04-09 18:08:01,428 [Worker-18: Launching SwipeAndScroll.test_02] INFO  o.e.m.c.i.embedder.EclipseLogger - skip non existing resourceDirectory C:\Users\kumar\AppiumLearning\AppiumLearning\src\test\resources
2024-04-09 18:09:27,810 [Worker-5: Launching SwipeAndScroll.test_02] INFO  o.e.m.c.i.embedder.EclipseLogger - Using 'UTF-8' encoding to copy filtered resources.
2024-04-09 18:09:27,810 [Worker-5: Launching SwipeAndScroll.test_02] INFO  o.e.m.c.i.embedder.EclipseLogger - skip non existing resourceDirectory C:\Users\kumar\AppiumLearning\AppiumLearning\src\main\resources
2024-04-09 18:09:27,812 [Worker-5: Launching SwipeAndScroll.test_02] INFO  o.e.m.c.i.embedder.EclipseLogger - Using 'UTF-8' encoding to copy filtered resources.
2024-04-09 18:09:27,813 [Worker-5: Launching SwipeAndScroll.test_02] INFO  o.e.m.c.i.embedder.EclipseLogger - skip non existing resourceDirectory C:\Users\kumar\AppiumLearning\AppiumLearning\src\test\resources
2024-04-09 18:10:21,992 [Worker-19: Launching SwipeAndScroll.test_02] INFO  o.e.m.c.i.embedder.EclipseLogger - Using 'UTF-8' encoding to copy filtered resources.
2024-04-09 18:10:21,993 [Worker-19: Launching SwipeAndScroll.test_02] INFO  o.e.m.c.i.embedder.EclipseLogger - skip non existing resourceDirectory C:\Users\kumar\AppiumLearning\AppiumLearning\src\main\resources
2024-04-09 18:10:21,996 [Worker-19: Launching SwipeAndScroll.test_02] INFO  o.e.m.c.i.embedder.EclipseLogger - Using 'UTF-8' encoding to copy filtered resources.
2024-04-09 18:10:21,996 [Worker-19: Launching SwipeAndScroll.test_02] INFO  o.e.m.c.i.embedder.EclipseLogger - skip non existing resourceDirectory C:\Users\kumar\AppiumLearning\AppiumLearning\src\test\resources
2024-04-09 18:12:01,289 [Worker-19: Launching SwipeAndScroll.test_02] INFO  o.e.m.c.i.embedder.EclipseLogger - Using 'UTF-8' encoding to copy filtered resources.
2024-04-09 18:12:01,289 [Worker-19: Launching SwipeAndScroll.test_02] INFO  o.e.m.c.i.embedder.EclipseLogger - skip non existing resourceDirectory C:\Users\kumar\AppiumLearning\AppiumLearning\src\main\resources
2024-04-09 18:12:01,292 [Worker-19: Launching SwipeAndScroll.test_02] INFO  o.e.m.c.i.embedder.EclipseLogger - Using 'UTF-8' encoding to copy filtered resources.
2024-04-09 18:12:01,293 [Worker-19: Launching SwipeAndScroll.test_02] INFO  o.e.m.c.i.embedder.EclipseLogger - skip non existing resourceDirectory C:\Users\kumar\AppiumLearning\AppiumLearning\src\test\resources
2024-04-09 18:17:24,994 [Worker-25: Launching SwipeAndScroll.test_03] INFO  o.e.m.c.i.embedder.EclipseLogger - Using 'UTF-8' encoding to copy filtered resources.
2024-04-09 18:17:24,995 [Worker-25: Launching SwipeAndScroll.test_03] INFO  o.e.m.c.i.embedder.EclipseLogger - skip non existing resourceDirectory C:\Users\kumar\AppiumLearning\AppiumLearning\src\main\resources
2024-04-09 18:17:24,997 [Worker-25: Launching SwipeAndScroll.test_03] INFO  o.e.m.c.i.embedder.EclipseLogger - Using 'UTF-8' encoding to copy filtered resources.
2024-04-09 18:17:24,998 [Worker-25: Launching SwipeAndScroll.test_03] INFO  o.e.m.c.i.embedder.EclipseLogger - skip non existing resourceDirectory C:\Users\kumar\AppiumLearning\AppiumLearning\src\test\resources
2024-04-09 18:18:01,367 [Worker-25: Launching SwipeAndScroll.test_03] INFO  o.e.m.c.i.embedder.EclipseLogger - Using 'UTF-8' encoding to copy filtered resources.
2024-04-09 18:18:01,367 [Worker-25: Launching SwipeAndScroll.test_03] INFO  o.e.m.c.i.embedder.EclipseLogger - skip non existing resourceDirectory C:\Users\kumar\AppiumLearning\AppiumLearning\src\main\resources
2024-04-09 18:18:01,369 [Worker-25: Launching SwipeAndScroll.test_03] INFO  o.e.m.c.i.embedder.EclipseLogger - Using 'UTF-8' encoding to copy filtered resources.
2024-04-09 18:18:01,369 [Worker-25: Launching SwipeAndScroll.test_03] INFO  o.e.m.c.i.embedder.EclipseLogger - skip non existing resourceDirectory C:\Users\kumar\AppiumLearning\AppiumLearning\src\test\resources
2024-04-09 18:18:32,186 [Worker-25: Launching SwipeAndScroll.test_03] INFO  o.e.m.c.i.embedder.EclipseLogger - Using 'UTF-8' encoding to copy filtered resources.
2024-04-09 18:18:32,187 [Worker-25: Launching SwipeAndScroll.test_03] INFO  o.e.m.c.i.embedder.EclipseLogger - skip non existing resourceDirectory C:\Users\kumar\AppiumLearning\AppiumLearning\src\main\resources
2024-04-09 18:18:32,188 [Worker-25: Launching SwipeAndScroll.test_03] INFO  o.e.m.c.i.embedder.EclipseLogger - Using 'UTF-8' encoding to copy filtered resources.
2024-04-09 18:18:32,188 [Worker-25: Launching SwipeAndScroll.test_03] INFO  o.e.m.c.i.embedder.EclipseLogger - skip non existing resourceDirectory C:\Users\kumar\AppiumLearning\AppiumLearning\src\test\resources
2024-04-09 18:19:08,657 [Worker-28: Launching SwipeAndScroll.test_03] INFO  o.e.m.c.i.embedder.EclipseLogger - Using 'UTF-8' encoding to copy filtered resources.
2024-04-09 18:19:08,657 [Worker-28: Launching SwipeAndScroll.test_03] INFO  o.e.m.c.i.embedder.EclipseLogger - skip non existing resourceDirectory C:\Users\kumar\AppiumLearning\AppiumLearning\src\main\resources
2024-04-09 18:19:08,658 [Worker-28: Launching SwipeAndScroll.test_03] INFO  o.e.m.c.i.embedder.EclipseLogger - Using 'UTF-8' encoding to copy filtered resources.
2024-04-09 18:19:08,659 [Worker-28: Launching SwipeAndScroll.test_03] INFO  o.e.m.c.i.embedder.EclipseLogger - skip non existing resourceDirectory C:\Users\kumar\AppiumLearning\AppiumLearning\src\test\resources
2024-04-09 18:20:09,939 [Worker-27: Launching SwipeAndScroll.test_02] INFO  o.e.m.c.i.embedder.EclipseLogger - Using 'UTF-8' encoding to copy filtered resources.
2024-04-09 18:20:09,941 [Worker-27: Launching SwipeAndScroll.test_02] INFO  o.e.m.c.i.embedder.EclipseLogger - skip non existing resourceDirectory C:\Users\kumar\AppiumLearning\AppiumLearning\src\main\resources
2024-04-09 18:20:09,942 [Worker-27: Launching SwipeAndScroll.test_02] INFO  o.e.m.c.i.embedder.EclipseLogger - Using 'UTF-8' encoding to copy filtered resources.
2024-04-09 18:20:09,943 [Worker-27: Launching SwipeAndScroll.test_02] INFO  o.e.m.c.i.embedder.EclipseLogger - skip non existing resourceDirectory C:\Users\kumar\AppiumLearning\AppiumLearning\src\test\resources
2024-04-09 18:20:55,955 [Worker-29: Launching SwipeAndScroll.test_02] INFO  o.e.m.c.i.embedder.EclipseLogger - Using 'UTF-8' encoding to copy filtered resources.
2024-04-09 18:20:55,955 [Worker-29: Launching SwipeAndScroll.test_02] INFO  o.e.m.c.i.embedder.EclipseLogger - skip non existing resourceDirectory C:\Users\kumar\AppiumLearning\AppiumLearning\src\main\resources
2024-04-09 18:20:55,958 [Worker-29: Launching SwipeAndScroll.test_02] INFO  o.e.m.c.i.embedder.EclipseLogger - Using 'UTF-8' encoding to copy filtered resources.
2024-04-09 18:20:55,958 [Worker-29: Launching SwipeAndScroll.test_02] INFO  o.e.m.c.i.embedder.EclipseLogger - skip non existing resourceDirectory C:\Users\kumar\AppiumLearning\AppiumLearning\src\test\resources
2024-04-09 18:22:58,606 [Worker-29: Launching SwipeAndScroll.test_02] INFO  o.e.m.c.i.embedder.EclipseLogger - Using 'UTF-8' encoding to copy filtered resources.
2024-04-09 18:22:58,608 [Worker-29: Launching SwipeAndScroll.test_02] INFO  o.e.m.c.i.embedder.EclipseLogger - skip non existing resourceDirectory C:\Users\kumar\AppiumLearning\AppiumLearning\src\main\resources
2024-04-09 18:22:58,609 [Worker-29: Launching SwipeAndScroll.test_02] INFO  o.e.m.c.i.embedder.EclipseLogger - Using 'UTF-8' encoding to copy filtered resources.
2024-04-09 18:22:58,610 [Worker-29: Launching SwipeAndScroll.test_02] INFO  o.e.m.c.i.embedder.EclipseLogger - skip non existing resourceDirectory C:\Users\kumar\AppiumLearning\AppiumLearning\src\test\resources
2024-04-09 18:23:29,739 [Worker-36: Launching SwipeAndScroll.test_02] INFO  o.e.m.c.i.embedder.EclipseLogger - Using 'UTF-8' encoding to copy filtered resources.
2024-04-09 18:23:29,741 [Worker-36: Launching SwipeAndScroll.test_02] INFO  o.e.m.c.i.embedder.EclipseLogger - skip non existing resourceDirectory C:\Users\kumar\AppiumLearning\AppiumLearning\src\main\resources
2024-04-09 18:23:29,743 [Worker-36: Launching SwipeAndScroll.test_02] INFO  o.e.m.c.i.embedder.EclipseLogger - Using 'UTF-8' encoding to copy filtered resources.
2024-04-09 18:23:29,743 [Worker-36: Launching SwipeAndScroll.test_02] INFO  o.e.m.c.i.embedder.EclipseLogger - skip non existing resourceDirectory C:\Users\kumar\AppiumLearning\AppiumLearning\src\test\resources
2024-04-09 18:24:57,668 [Worker-34: Launching SwipeAndScroll.test_02] INFO  o.e.m.c.i.embedder.EclipseLogger - Using 'UTF-8' encoding to copy filtered resources.
2024-04-09 18:24:57,669 [Worker-34: Launching SwipeAndScroll.test_02] INFO  o.e.m.c.i.embedder.EclipseLogger - skip non existing resourceDirectory C:\Users\kumar\AppiumLearning\AppiumLearning\src\main\resources
2024-04-09 18:24:57,671 [Worker-34: Launching SwipeAndScroll.test_02] INFO  o.e.m.c.i.embedder.EclipseLogger - Using 'UTF-8' encoding to copy filtered resources.
2024-04-09 18:24:57,671 [Worker-34: Launching SwipeAndScroll.test_02] INFO  o.e.m.c.i.embedder.EclipseLogger - skip non existing resourceDirectory C:\Users\kumar\AppiumLearning\AppiumLearning\src\test\resources
2024-04-09 18:26:22,580 [Worker-29: Launching SwipeAndScroll.test_02] INFO  o.e.m.c.i.embedder.EclipseLogger - Using 'UTF-8' encoding to copy filtered resources.
2024-04-09 18:26:22,580 [Worker-29: Launching SwipeAndScroll.test_02] INFO  o.e.m.c.i.embedder.EclipseLogger - skip non existing resourceDirectory C:\Users\kumar\AppiumLearning\AppiumLearning\src\main\resources
2024-04-09 18:26:22,582 [Worker-29: Launching SwipeAndScroll.test_02] INFO  o.e.m.c.i.embedder.EclipseLogger - Using 'UTF-8' encoding to copy filtered resources.
2024-04-09 18:26:22,583 [Worker-29: Launching SwipeAndScroll.test_02] INFO  o.e.m.c.i.embedder.EclipseLogger - skip non existing resourceDirectory C:\Users\kumar\AppiumLearning\AppiumLearning\src\test\resources
2024-04-09 18:28:17,188 [Worker-35: Launching SwipeAndScroll.test_02] INFO  o.e.m.c.i.embedder.EclipseLogger - Using 'UTF-8' encoding to copy filtered resources.
2024-04-09 18:28:17,189 [Worker-35: Launching SwipeAndScroll.test_02] INFO  o.e.m.c.i.embedder.EclipseLogger - skip non existing resourceDirectory C:\Users\kumar\AppiumLearning\AppiumLearning\src\main\resources
2024-04-09 18:28:17,191 [Worker-35: Launching SwipeAndScroll.test_02] INFO  o.e.m.c.i.embedder.EclipseLogger - Using 'UTF-8' encoding to copy filtered resources.
2024-04-09 18:28:17,191 [Worker-35: Launching SwipeAndScroll.test_02] INFO  o.e.m.c.i.embedder.EclipseLogger - skip non existing resourceDirectory C:\Users\kumar\AppiumLearning\AppiumLearning\src\test\resources
2024-04-09 18:29:59,594 [Worker-37: Launching SwipeAndScroll.test_02] INFO  o.e.m.c.i.embedder.EclipseLogger - Using 'UTF-8' encoding to copy filtered resources.
2024-04-09 18:29:59,594 [Worker-37: Launching SwipeAndScroll.test_02] INFO  o.e.m.c.i.embedder.EclipseLogger - skip non existing resourceDirectory C:\Users\kumar\AppiumLearning\AppiumLearning\src\main\resources
2024-04-09 18:29:59,596 [Worker-37: Launching SwipeAndScroll.test_02] INFO  o.e.m.c.i.embedder.EclipseLogger - Using 'UTF-8' encoding to copy filtered resources.
2024-04-09 18:29:59,596 [Worker-37: Launching SwipeAndScroll.test_02] INFO  o.e.m.c.i.embedder.EclipseLogger - skip non existing resourceDirectory C:\Users\kumar\AppiumLearning\AppiumLearning\src\test\resources
2024-04-09 18:30:30,140 [Worker-35: Launching SwipeAndScroll.test_02] INFO  o.e.m.c.i.embedder.EclipseLogger - Using 'UTF-8' encoding to copy filtered resources.
2024-04-09 18:30:30,140 [Worker-35: Launching SwipeAndScroll.test_02] INFO  o.e.m.c.i.embedder.EclipseLogger - skip non existing resourceDirectory C:\Users\kumar\AppiumLearning\AppiumLearning\src\main\resources
2024-04-09 18:30:30,142 [Worker-35: Launching SwipeAndScroll.test_02] INFO  o.e.m.c.i.embedder.EclipseLogger - Using 'UTF-8' encoding to copy filtered resources.
2024-04-09 18:30:30,142 [Worker-35: Launching SwipeAndScroll.test_02] INFO  o.e.m.c.i.embedder.EclipseLogger - skip non existing resourceDirectory C:\Users\kumar\AppiumLearning\AppiumLearning\src\test\resources
2024-04-09 18:32:23,272 [Worker-35: Launching SwipeAndScroll.test_02] INFO  o.e.m.c.i.embedder.EclipseLogger - Using 'UTF-8' encoding to copy filtered resources.
2024-04-09 18:32:23,273 [Worker-35: Launching SwipeAndScroll.test_02] INFO  o.e.m.c.i.embedder.EclipseLogger - skip non existing resourceDirectory C:\Users\kumar\AppiumLearning\AppiumLearning\src\main\resources
2024-04-09 18:32:23,275 [Worker-35: Launching SwipeAndScroll.test_02] INFO  o.e.m.c.i.embedder.EclipseLogger - Using 'UTF-8' encoding to copy filtered resources.
2024-04-09 18:32:23,276 [Worker-35: Launching SwipeAndScroll.test_02] INFO  o.e.m.c.i.embedder.EclipseLogger - skip non existing resourceDirectory C:\Users\kumar\AppiumLearning\AppiumLearning\src\test\resources
2024-04-09 18:34:33,379 [Worker-39: Launching SwipeAndScroll.test_03] INFO  o.e.m.c.i.embedder.EclipseLogger - Using 'UTF-8' encoding to copy filtered resources.
2024-04-09 18:34:33,379 [Worker-39: Launching SwipeAndScroll.test_03] INFO  o.e.m.c.i.embedder.EclipseLogger - skip non existing resourceDirectory C:\Users\kumar\AppiumLearning\AppiumLearning\src\main\resources
2024-04-09 18:34:33,381 [Worker-39: Launching SwipeAndScroll.test_03] INFO  o.e.m.c.i.embedder.EclipseLogger - Using 'UTF-8' encoding to copy filtered resources.
2024-04-09 18:34:33,382 [Worker-39: Launching SwipeAndScroll.test_03] INFO  o.e.m.c.i.embedder.EclipseLogger - skip non existing resourceDirectory C:\Users\kumar\AppiumLearning\AppiumLearning\src\test\resources
2024-04-09 18:35:14,129 [Worker-39: Launching SwipeAndScroll.test_03] INFO  o.e.m.c.i.embedder.EclipseLogger - Using 'UTF-8' encoding to copy filtered resources.
2024-04-09 18:35:14,129 [Worker-39: Launching SwipeAndScroll.test_03] INFO  o.e.m.c.i.embedder.EclipseLogger - skip non existing resourceDirectory C:\Users\kumar\AppiumLearning\AppiumLearning\src\main\resources
2024-04-09 18:35:14,131 [Worker-39: Launching SwipeAndScroll.test_03] INFO  o.e.m.c.i.embedder.EclipseLogger - Using 'UTF-8' encoding to copy filtered resources.
2024-04-09 18:35:14,131 [Worker-39: Launching SwipeAndScroll.test_03] INFO  o.e.m.c.i.embedder.EclipseLogger - skip non existing resourceDirectory C:\Users\kumar\AppiumLearning\AppiumLearning\src\test\resources
2024-04-09 18:36:00,326 [Worker-44: Launching SwipeAndScroll.test_02] INFO  o.e.m.c.i.embedder.EclipseLogger - Using 'UTF-8' encoding to copy filtered resources.
2024-04-09 18:36:00,326 [Worker-44: Launching SwipeAndScroll.test_02] INFO  o.e.m.c.i.embedder.EclipseLogger - skip non existing resourceDirectory C:\Users\kumar\AppiumLearning\AppiumLearning\src\main\resources
2024-04-09 18:36:00,327 [Worker-44: Launching SwipeAndScroll.test_02] INFO  o.e.m.c.i.embedder.EclipseLogger - Using 'UTF-8' encoding to copy filtered resources.
2024-04-09 18:36:00,329 [Worker-44: Launching SwipeAndScroll.test_02] INFO  o.e.m.c.i.embedder.EclipseLogger - skip non existing resourceDirectory C:\Users\kumar\AppiumLearning\AppiumLearning\src\test\resources
2024-04-09 19:50:08,046 [Worker-49: Building] INFO  o.e.m.c.i.embedder.EclipseLogger - Using 'UTF-8' encoding to copy filtered resources.
2024-04-09 19:50:08,046 [Worker-49: Building] INFO  o.e.m.c.i.embedder.EclipseLogger - skip non existing resourceDirectory C:\Users\kumar\AppiumLearning\AppiumLearning\src\main\resources
2024-04-09 19:50:08,049 [Worker-49: Building] INFO  o.e.m.c.i.embedder.EclipseLogger - Using 'UTF-8' encoding to copy filtered resources.
2024-04-09 19:50:08,049 [Worker-49: Building] INFO  o.e.m.c.i.embedder.EclipseLogger - skip non existing resourceDirectory C:\Users\kumar\AppiumLearning\AppiumLearning\src\test\resources
2024-04-09 20:11:24,008 [Worker-49: Launching LongPress.test_01] INFO  o.e.m.c.i.embedder.EclipseLogger - Using 'UTF-8' encoding to copy filtered resources.
2024-04-09 20:11:24,009 [Worker-49: Launching LongPress.test_01] INFO  o.e.m.c.i.embedder.EclipseLogger - skip non existing resourceDirectory C:\Users\kumar\AppiumLearning\AppiumLearning\src\main\resources
2024-04-09 20:11:24,012 [Worker-49: Launching LongPress.test_01] INFO  o.e.m.c.i.embedder.EclipseLogger - Using 'UTF-8' encoding to copy filtered resources.
2024-04-09 20:11:24,012 [Worker-49: Launching LongPress.test_01] INFO  o.e.m.c.i.embedder.EclipseLogger - skip non existing resourceDirectory C:\Users\kumar\AppiumLearning\AppiumLearning\src\test\resources
2024-04-09 20:12:09,813 [Worker-52: Launching LongPress.test_01] INFO  o.e.m.c.i.embedder.EclipseLogger - Using 'UTF-8' encoding to copy filtered resources.
2024-04-09 20:12:09,813 [Worker-52: Launching LongPress.test_01] INFO  o.e.m.c.i.embedder.EclipseLogger - skip non existing resourceDirectory C:\Users\kumar\AppiumLearning\AppiumLearning\src\main\resources
2024-04-09 20:12:09,816 [Worker-52: Launching LongPress.test_01] INFO  o.e.m.c.i.embedder.EclipseLogger - Using 'UTF-8' encoding to copy filtered resources.
2024-04-09 20:12:09,816 [Worker-52: Launching LongPress.test_01] INFO  o.e.m.c.i.embedder.EclipseLogger - skip non existing resourceDirectory C:\Users\kumar\AppiumLearning\AppiumLearning\src\test\resources
2024-04-09 20:20:48,658 [Worker-54: Launching LongPress.test_01] INFO  o.e.m.c.i.embedder.EclipseLogger - Using 'UTF-8' encoding to copy filtered resources.
2024-04-09 20:20:48,659 [Worker-54: Launching LongPress.test_01] INFO  o.e.m.c.i.embedder.EclipseLogger - skip non existing resourceDirectory C:\Users\kumar\AppiumLearning\AppiumLearning\src\main\resources
2024-04-09 20:20:48,662 [Worker-54: Launching LongPress.test_01] INFO  o.e.m.c.i.embedder.EclipseLogger - Using 'UTF-8' encoding to copy filtered resources.
2024-04-09 20:20:48,662 [Worker-54: Launching LongPress.test_01] INFO  o.e.m.c.i.embedder.EclipseLogger - skip non existing resourceDirectory C:\Users\kumar\AppiumLearning\AppiumLearning\src\test\resources
2024-04-09 20:31:31,547 [Worker-58: Launching LongPress.test_01] INFO  o.e.m.c.i.embedder.EclipseLogger - Using 'UTF-8' encoding to copy filtered resources.
2024-04-09 20:31:31,547 [Worker-58: Launching LongPress.test_01] INFO  o.e.m.c.i.embedder.EclipseLogger - skip non existing resourceDirectory C:\Users\kumar\AppiumLearning\AppiumLearning\src\main\resources
2024-04-09 20:31:31,549 [Worker-58: Launching LongPress.test_01] INFO  o.e.m.c.i.embedder.EclipseLogger - Using 'UTF-8' encoding to copy filtered resources.
2024-04-09 20:31:31,550 [Worker-58: Launching LongPress.test_01] INFO  o.e.m.c.i.embedder.EclipseLogger - skip non existing resourceDirectory C:\Users\kumar\AppiumLearning\AppiumLearning\src\test\resources
2024-04-09 20:32:16,467 [Worker-60: Launching LongPress.test_01] INFO  o.e.m.c.i.embedder.EclipseLogger - Using 'UTF-8' encoding to copy filtered resources.
2024-04-09 20:32:16,467 [Worker-60: Launching LongPress.test_01] INFO  o.e.m.c.i.embedder.EclipseLogger - skip non existing resourceDirectory C:\Users\kumar\AppiumLearning\AppiumLearning\src\main\resources
2024-04-09 20:32:16,470 [Worker-60: Launching LongPress.test_01] INFO  o.e.m.c.i.embedder.EclipseLogger - Using 'UTF-8' encoding to copy filtered resources.
2024-04-09 20:32:16,471 [Worker-60: Launching LongPress.test_01] INFO  o.e.m.c.i.embedder.EclipseLogger - skip non existing resourceDirectory C:\Users\kumar\AppiumLearning\AppiumLearning\src\test\resources
2024-04-09 20:32:53,392 [Worker-57: Launching LongPress.test_01] INFO  o.e.m.c.i.embedder.EclipseLogger - Using 'UTF-8' encoding to copy filtered resources.
2024-04-09 20:32:53,392 [Worker-57: Launching LongPress.test_01] INFO  o.e.m.c.i.embedder.EclipseLogger - skip non existing resourceDirectory C:\Users\kumar\AppiumLearning\AppiumLearning\src\main\resources
2024-04-09 20:32:53,394 [Worker-57: Launching LongPress.test_01] INFO  o.e.m.c.i.embedder.EclipseLogger - Using 'UTF-8' encoding to copy filtered resources.
2024-04-09 20:32:53,395 [Worker-57: Launching LongPress.test_01] INFO  o.e.m.c.i.embedder.EclipseLogger - skip non existing resourceDirectory C:\Users\kumar\AppiumLearning\AppiumLearning\src\test\resources
2024-04-09 21:00:22,168 [Worker-63: Building] INFO  o.e.m.c.i.embedder.EclipseLogger - Using 'UTF-8' encoding to copy filtered resources.
2024-04-09 21:00:22,168 [Worker-63: Building] INFO  o.e.m.c.i.embedder.EclipseLogger - skip non existing resourceDirectory C:\Users\kumar\AppiumLearning\AppiumLearning\src\main\resources
